#
# There is insufficient memory for the Java Runtime Environment to continue.
# Native memory allocation (malloc) failed to allocate 1569616 bytes for Chunk::new
# Possible reasons:
#   The system is out of physical RAM or swap space
#   The process is running with CompressedOops enabled, and the Java Heap may be blocking the growth of the native heap
# Possible solutions:
#   Reduce memory load on the system
#   Increase physical memory or swap space
#   Check if swap backing store is full
#   Decrease Java heap size (-Xmx/-Xms)
#   Decrease number of Java threads
#   Decrease Java thread stack sizes (-Xss)
#   Set larger code cache with -XX:ReservedCodeCacheSize=
#   JVM is running with Unscaled Compressed Oops mode in which the Java heap is
#     placed in the first 4GB address space. The Java Heap base address is the
#     maximum limit for the native heap growth. Please use -XX:HeapBaseMinAddress
#     to set the Java Heap base and to place the Java Heap above 4GB virtual address.
# This output file may be truncated or incomplete.
#
#  Out of Memory Error (arena.cpp:189), pid=6116, tid=9820
#
# JRE version: OpenJDK Runtime Environment Temurin-17.0.5+8 (17.0.5+8) (build 17.0.5+8)
# Java VM: OpenJDK 64-Bit Server VM Temurin-17.0.5+8 (17.0.5+8, mixed mode, tiered, compressed oops, compressed class ptrs, parallel gc, windows-amd64)
# No core dump will be written. Minidumps are not enabled by default on client versions of Windows
#

---------------  S U M M A R Y ------------

Command Line: --add-modules=ALL-SYSTEM --add-opens=java.base/java.util=ALL-UNNAMED --add-opens=java.base/java.lang=ALL-UNNAMED --add-opens=java.base/sun.nio.fs=ALL-UNNAMED -Declipse.application=org.eclipse.jdt.ls.core.id1 -Dosgi.bundles.defaultStartLevel=4 -Declipse.product=org.eclipse.jdt.ls.core.product -Djava.import.generatesMetadataFilesAtProjectRoot=false -Dfile.encoding=utf8 -XX:+UseParallelGC -XX:GCTimeRatio=4 -XX:AdaptiveSizePolicyWeight=90 -Dsun.zip.disableMemoryMapping=true -Xmx1G -Xms100m -Xlog:disable -javaagent:c:\Users\203104\.vscode\extensions\redhat.java-1.13.0-win32-x64\lombok\lombok-1.18.24.jar -XX:+HeapDumpOnOutOfMemoryError -XX:HeapDumpPath=c:\Users\203104\AppData\Roaming\Code\User\workspaceStorage\60f3487738b1da3c3445d2a3b7a06706\redhat.java c:\Users\203104\.vscode\extensions\redhat.java-1.13.0-win32-x64\server\plugins\org.eclipse.equinox.launcher_1.6.400.v20210924-0641.jar -configuration c:\Users\203104\AppData\Roaming\Code\User\globalStorage\redhat.java\1.13.0\config_win -data c:\Users\203104\AppData\Roaming\Code\User\workspaceStorage\60f3487738b1da3c3445d2a3b7a06706\redhat.java\jdt_ws

Host: Intel(R) Core(TM) i5-7500 CPU @ 3.40GHz, 4 cores, 7G,  Windows 10 , 64 bit Build 19041 (10.0.19041.2364)
Time: Tue Dec 20 11:55:02 2022  Windows 10 , 64 bit Build 19041 (10.0.19041.2364) elapsed time: 7234.436066 seconds (0d 2h 0m 34s)

---------------  T H R E A D  ---------------

Current thread (0x00000248b1f07c10):  JavaThread "C2 CompilerThread0" daemon [_thread_in_native, id=9820, stack(0x000000cf26200000,0x000000cf26300000)]


Current CompileTask:
C2:7234436 33511       4       org.eclipse.jdt.internal.compiler.parser.Parser::consumeRule (7834 bytes)

Stack: [0x000000cf26200000,0x000000cf26300000]
Native frames: (J=compiled Java code, j=interpreted, Vv=VM code, C=native code)
V  [jvm.dll+0x676b3a]
V  [jvm.dll+0x831444]
V  [jvm.dll+0x832bee]
V  [jvm.dll+0x833253]
V  [jvm.dll+0x244ce5]
V  [jvm.dll+0xabbac]
V  [jvm.dll+0xac17c]
V  [jvm.dll+0x362d02]
V  [jvm.dll+0x32d591]
V  [jvm.dll+0x32ca3a]
V  [jvm.dll+0x217b51]
V  [jvm.dll+0x216f71]
V  [jvm.dll+0x1a343d]
V  [jvm.dll+0x22698a]
V  [jvm.dll+0x224ac5]
V  [jvm.dll+0x7e727b]
V  [jvm.dll+0x7e17ea]
V  [jvm.dll+0x6759e5]
C  [ucrtbase.dll+0x21bb2]
C  [KERNEL32.DLL+0x17614]
C  [ntdll.dll+0x526a1]


---------------  P R O C E S S  ---------------

Threads class SMR info:
_java_thread_list=0x00000248b724ccb0, length=156, elements={
0x000002489e09b740, 0x00000248b1eb9b40, 0x00000248b1ebc3a0, 0x00000248b1ecfca0,
0x00000248b1ed0850, 0x00000248b1ed1da0, 0x00000248b1f07020, 0x00000248b1f07c10,
0x00000248b1f0fc40, 0x00000248b1f237e0, 0x00000248b3941120, 0x00000248b3b0d900,
0x00000248b40af880, 0x00000248b43fb010, 0x00000248b43fb780, 0x00000248b43f9b10,
0x00000248b4e5a570, 0x00000248b4e5a0a0, 0x00000248b4e57a20, 0x00000248b4e58890,
0x00000248b4e58d60, 0x00000248b84d6f80, 0x00000248b84d3f60, 0x00000248b84d1db0,
0x00000248b84d00d0, 0x00000248b84d2280, 0x00000248b84d6ab0, 0x00000248b84d2750,
0x00000248c8078080, 0x00000248b4001470, 0x00000248b4000ad0, 0x00000248b3fff2c0,
0x00000248b4002c80, 0x00000248c8076870, 0x00000248b84d18e0, 0x00000248b84d4900,
0x00000248b3fffc60, 0x00000248b40022e0, 0x00000248b84d3a90, 0x00000248b4004960,
0x00000248c8078550, 0x00000248b3b22e90, 0x00000248b3f27c80, 0x00000248b3f25600,
0x00000248b3f277b0, 0x00000248b3f28620, 0x00000248b3f25ad0, 0x00000248b3f2aca0,
0x00000248b3f2a7d0, 0x00000248b3f28af0, 0x00000248b3f26940, 0x00000248b3f2bfe0,
0x00000248b3f29960, 0x00000248b3f28150, 0x00000248b3f272e0, 0x00000248b3f2bb10,
0x00000248b3f2b170, 0x00000248b3f2ce50, 0x00000248b3f26e10, 0x00000248b3f29e30,
0x00000248b3f29490, 0x00000248b3f2a300, 0x00000248b3f2b640, 0x00000248b3f25fa0,
0x00000248b3f2c4b0, 0x00000248b5428e20, 0x00000248b542afd0, 0x00000248b542a160,
0x00000248b5426c70, 0x00000248b542ab00, 0x00000248b5425930, 0x00000248b5428950,
0x00000248b542a630, 0x00000248b54262d0, 0x00000248b5428480, 0x00000248b54297c0,
0x00000248b5429c90, 0x00000248b5424f90, 0x00000248b542b4a0, 0x00000248b5427140,
0x00000248b5423c50, 0x00000248b54292f0, 0x00000248b5424120, 0x00000248b54245f0,
0x00000248b5427610, 0x00000248b5424ac0, 0x00000248b5425460, 0x00000248b5425e00,
0x00000248b54267a0, 0x00000248b5427ae0, 0x00000248b5427fb0, 0x00000248b3e53f10,
0x00000248b3e55720, 0x00000248b3e530a0, 0x00000248b3e5a420, 0x00000248b3e548b0,
0x00000248b3e54d80, 0x00000248b3e59a80, 0x00000248b3e560c0, 0x00000248b3e543e0,
0x00000248b3e55250, 0x00000248b3e57da0, 0x00000248b3e58270, 0x00000248b3e59f50,
0x00000248b3e53570, 0x00000248b3e56590, 0x00000248b3e595b0, 0x00000248b3e56a60,
0x00000248b3e58c10, 0x00000248b3e58740, 0x00000248b3e53a40, 0x00000248b3e56f30,
0x00000248b3e578d0, 0x00000248b3e57400, 0x00000248b3e590e0, 0x00000248baa29dc0,
0x00000248baa25f30, 0x00000248baa298f0, 0x00000248baa26400, 0x00000248baa28f50,
0x00000248baa2a290, 0x00000248baa25590, 0x00000248baa25a60, 0x00000248baa27270,
0x00000248baa2a760, 0x00000248baa250c0, 0x00000248baa24250, 0x00000248baa22f10,
0x00000248baa268d0, 0x00000248baa24720, 0x00000248baa238b0, 0x00000248baa23d80,
0x00000248baa24bf0, 0x00000248baa28a80, 0x00000248baa27740, 0x00000248baa27c10,
0x00000248baa280e0, 0x00000248b3ffe920, 0x00000248baa285b0, 0x00000248c8230120,
0x00000248c8234480, 0x00000248c822fc50, 0x00000248c8230f90, 0x00000248c8233140,
0x00000248c8231e00, 0x00000248c8231930, 0x00000248c82322d0, 0x00000248c8233610,
0x00000248c8234950, 0x00000248c8233fb0, 0x00000248c8234e20, 0x00000248c82352f0,
0x00000248c822f780, 0x00000248c82357c0, 0x00000248c8233ae0, 0x00000248c8235c90
}

Java Threads: ( => current thread )
  0x000002489e09b740 JavaThread "main" [_thread_blocked, id=3392, stack(0x000000cf25900000,0x000000cf25a00000)]
  0x00000248b1eb9b40 JavaThread "Reference Handler" daemon [_thread_blocked, id=1376, stack(0x000000cf25c00000,0x000000cf25d00000)]
  0x00000248b1ebc3a0 JavaThread "Finalizer" daemon [_thread_blocked, id=10960, stack(0x000000cf25d00000,0x000000cf25e00000)]
  0x00000248b1ecfca0 JavaThread "Signal Dispatcher" daemon [_thread_blocked, id=8024, stack(0x000000cf25e00000,0x000000cf25f00000)]
  0x00000248b1ed0850 JavaThread "Attach Listener" daemon [_thread_blocked, id=8884, stack(0x000000cf25f00000,0x000000cf26000000)]
  0x00000248b1ed1da0 JavaThread "Service Thread" daemon [_thread_blocked, id=2320, stack(0x000000cf26000000,0x000000cf26100000)]
  0x00000248b1f07020 JavaThread "Monitor Deflation Thread" daemon [_thread_blocked, id=10168, stack(0x000000cf26100000,0x000000cf26200000)]
=>0x00000248b1f07c10 JavaThread "C2 CompilerThread0" daemon [_thread_in_native, id=9820, stack(0x000000cf26200000,0x000000cf26300000)]
  0x00000248b1f0fc40 JavaThread "C1 CompilerThread0" daemon [_thread_blocked, id=1436, stack(0x000000cf26300000,0x000000cf26400000)]
  0x00000248b1f237e0 JavaThread "Sweeper thread" daemon [_thread_blocked, id=11180, stack(0x000000cf26400000,0x000000cf26500000)]
  0x00000248b3941120 JavaThread "Common-Cleaner" daemon [_thread_blocked, id=11116, stack(0x000000cf26500000,0x000000cf26600000)]
  0x00000248b3b0d900 JavaThread "Notification Thread" daemon [_thread_blocked, id=8988, stack(0x000000cf26600000,0x000000cf26700000)]
  0x00000248b40af880 JavaThread "Active Thread: Equinox Container: 6d3ce66a-81b4-435f-8448-52dda82a2368" [_thread_blocked, id=9952, stack(0x000000cf26800000,0x000000cf26900000)]
  0x00000248b43fb010 JavaThread "Framework Event Dispatcher: Equinox Container: 6d3ce66a-81b4-435f-8448-52dda82a2368" daemon [_thread_blocked, id=1188, stack(0x000000cf26c00000,0x000000cf26d00000)]
  0x00000248b43fb780 JavaThread "Start Level: Equinox Container: 6d3ce66a-81b4-435f-8448-52dda82a2368" daemon [_thread_blocked, id=10708, stack(0x000000cf26d00000,0x000000cf26e00000)]
  0x00000248b43f9b10 JavaThread "SCR Component Actor" daemon [_thread_blocked, id=3216, stack(0x000000cf26e00000,0x000000cf26f00000)]
  0x00000248b4e5a570 JavaThread "Worker-JM" [_thread_blocked, id=3220, stack(0x000000cf27000000,0x000000cf27100000)]
  0x00000248b4e5a0a0 JavaThread "Java indexing" daemon [_thread_blocked, id=2828, stack(0x000000cf27400000,0x000000cf27500000)]
  0x00000248b4e57a20 JavaThread "JNA Cleaner" daemon [_thread_blocked, id=9124, stack(0x000000cf27300000,0x000000cf27400000)]
  0x00000248b4e58890 JavaThread "pool-2-thread-1" [_thread_blocked, id=4048, stack(0x000000cf27a00000,0x000000cf27b00000)]
  0x00000248b4e58d60 JavaThread "pool-1-thread-1" [_thread_in_native, id=5672, stack(0x000000cf27b00000,0x000000cf27c00000)]
  0x00000248b84d6f80 JavaThread "ForkJoinPool.commonPool-worker-2" daemon [_thread_blocked, id=488, stack(0x000000cf27f00000,0x000000cf28000000)]
  0x00000248b84d3f60 JavaThread "ForkJoinPool.commonPool-worker-3" daemon [_thread_blocked, id=7496, stack(0x000000cf28100000,0x000000cf28200000)]
  0x00000248b84d1db0 JavaThread "Bundle File Closer" daemon [_thread_blocked, id=1500, stack(0x000000cf28400000,0x000000cf28500000)]
  0x00000248b84d00d0 JavaThread "ForkJoinPool.commonPool-worker-5" daemon [_thread_blocked, id=5232, stack(0x000000cf27500000,0x000000cf27600000)]
  0x00000248b84d2280 JavaThread "Java Debug Server" daemon [_thread_in_native, id=5852, stack(0x000000cf27600000,0x000000cf27700000)]
  0x00000248b84d6ab0 JavaThread "pool-3-thread-1" [_thread_in_native, id=9600, stack(0x000000cf27700000,0x000000cf27800000)]
  0x00000248b84d2750 JavaThread "RxSchedulerPurge-1" daemon [_thread_blocked, id=9880, stack(0x000000cf27900000,0x000000cf27a00000)]
  0x00000248c8078080 JavaThread "RxCachedWorkerPoolEvictor-1" daemon [_thread_blocked, id=10880, stack(0x000000cf27c00000,0x000000cf27d00000)]
  0x00000248b4001470 JavaThread "RxNewThreadScheduler-1" daemon [_thread_blocked, id=420, stack(0x000000cf27d00000,0x000000cf27e00000)]
  0x00000248b4000ad0 JavaThread "pool-3-thread-2" [_thread_in_native, id=5128, stack(0x000000cf27e00000,0x000000cf27f00000)]
  0x00000248b3fff2c0 JavaThread "RxNewThreadScheduler-3" daemon [_thread_blocked, id=920, stack(0x000000cf28300000,0x000000cf28400000)]
  0x00000248b4002c80 JavaThread "process reaper" daemon [_thread_in_native, id=7872, stack(0x000000cf25340000,0x000000cf25360000)]
  0x00000248c8076870 JavaThread "ForkJoinPool.commonPool-worker-6" daemon [_thread_blocked, id=11852, stack(0x000000cf28600000,0x000000cf28700000)]
  0x00000248b84d18e0 JavaThread "ForkJoinPool.commonPool-worker-7" daemon [_thread_blocked, id=4544, stack(0x000000cf26f00000,0x000000cf27000000)]
  0x00000248b84d4900 JavaThread "ForkJoinPool.commonPool-worker-8" daemon [_thread_blocked, id=8928, stack(0x000000cf27100000,0x000000cf27200000)]
  0x00000248b3fffc60 JavaThread "ForkJoinPool.commonPool-worker-9" daemon [_thread_blocked, id=2460, stack(0x000000cf28700000,0x000000cf28800000)]
  0x00000248b40022e0 JavaThread "ForkJoinPool.commonPool-worker-10" daemon [_thread_blocked, id=11008, stack(0x000000cf28800000,0x000000cf28900000)]
  0x00000248b84d3a90 JavaThread "Worker-61" [_thread_blocked, id=5692, stack(0x000000cf25700000,0x000000cf25800000)]
  0x00000248b4004960 JavaThread "Worker-64" [_thread_blocked, id=8072, stack(0x000000cf28000000,0x000000cf28100000)]
  0x00000248c8078550 JavaThread "ForkJoinPool.commonPool-worker-11" daemon [_thread_blocked, id=3600, stack(0x000000cf28500000,0x000000cf28600000)]
  0x00000248b3b22e90 JavaThread "ForkJoinPool.commonPool-worker-12" daemon [_thread_blocked, id=7056, stack(0x000000cf28900000,0x000000cf28a00000)]
  0x00000248b3f27c80 JavaThread "ForkJoinPool.commonPool-worker-13" daemon [_thread_blocked, id=11692, stack(0x000000cf28200000,0x000000cf28300000)]
  0x00000248b3f25600 JavaThread "ForkJoinPool.commonPool-worker-14" daemon [_thread_blocked, id=8752, stack(0x000000cf28a00000,0x000000cf28b00000)]
  0x00000248b3f277b0 JavaThread "ForkJoinPool.commonPool-worker-15" daemon [_thread_blocked, id=3060, stack(0x000000cf28b00000,0x000000cf28c00000)]
  0x00000248b3f28620 JavaThread "ForkJoinPool.commonPool-worker-16" daemon [_thread_blocked, id=8128, stack(0x000000cf28c00000,0x000000cf28d00000)]
  0x00000248b3f25ad0 JavaThread "ForkJoinPool.commonPool-worker-17" daemon [_thread_blocked, id=10704, stack(0x000000cf28d00000,0x000000cf28e00000)]
  0x00000248b3f2aca0 JavaThread "ForkJoinPool.commonPool-worker-18" daemon [_thread_blocked, id=1056, stack(0x000000cf28e00000,0x000000cf28f00000)]
  0x00000248b3f2a7d0 JavaThread "ForkJoinPool.commonPool-worker-19" daemon [_thread_blocked, id=2028, stack(0x000000cf28f00000,0x000000cf29000000)]
  0x00000248b3f28af0 JavaThread "ForkJoinPool.commonPool-worker-20" daemon [_thread_blocked, id=1884, stack(0x000000cf29000000,0x000000cf29100000)]
  0x00000248b3f26940 JavaThread "ForkJoinPool.commonPool-worker-21" daemon [_thread_blocked, id=8732, stack(0x000000cf29100000,0x000000cf29200000)]
  0x00000248b3f2bfe0 JavaThread "ForkJoinPool.commonPool-worker-22" daemon [_thread_blocked, id=7564, stack(0x000000cf29200000,0x000000cf29300000)]
  0x00000248b3f29960 JavaThread "ForkJoinPool.commonPool-worker-23" daemon [_thread_blocked, id=11192, stack(0x000000cf29300000,0x000000cf29400000)]
  0x00000248b3f28150 JavaThread "ForkJoinPool.commonPool-worker-24" daemon [_thread_blocked, id=8304, stack(0x000000cf29400000,0x000000cf29500000)]
  0x00000248b3f272e0 JavaThread "ForkJoinPool.commonPool-worker-25" daemon [_thread_blocked, id=11832, stack(0x000000cf29700000,0x000000cf29800000)]
  0x00000248b3f2bb10 JavaThread "ForkJoinPool.commonPool-worker-26" daemon [_thread_blocked, id=5336, stack(0x000000cf29800000,0x000000cf29900000)]
  0x00000248b3f2b170 JavaThread "ForkJoinPool.commonPool-worker-27" daemon [_thread_blocked, id=11968, stack(0x000000cf29900000,0x000000cf29a00000)]
  0x00000248b3f2ce50 JavaThread "ForkJoinPool.commonPool-worker-28" daemon [_thread_blocked, id=3556, stack(0x000000cf29a00000,0x000000cf29b00000)]
  0x00000248b3f26e10 JavaThread "ForkJoinPool.commonPool-worker-29" daemon [_thread_blocked, id=5932, stack(0x000000cf29b00000,0x000000cf29c00000)]
  0x00000248b3f29e30 JavaThread "ForkJoinPool.commonPool-worker-30" daemon [_thread_blocked, id=8668, stack(0x000000cf29c00000,0x000000cf29d00000)]
  0x00000248b3f29490 JavaThread "ForkJoinPool.commonPool-worker-31" daemon [_thread_blocked, id=1592, stack(0x000000cf29d00000,0x000000cf29e00000)]
  0x00000248b3f2a300 JavaThread "ForkJoinPool.commonPool-worker-32" daemon [_thread_blocked, id=2692, stack(0x000000cf29e00000,0x000000cf29f00000)]
  0x00000248b3f2b640 JavaThread "ForkJoinPool.commonPool-worker-33" daemon [_thread_blocked, id=7920, stack(0x000000cf29f00000,0x000000cf2a000000)]
  0x00000248b3f25fa0 JavaThread "ForkJoinPool.commonPool-worker-34" daemon [_thread_blocked, id=2180, stack(0x000000cf2a000000,0x000000cf2a100000)]
  0x00000248b3f2c4b0 JavaThread "ForkJoinPool.commonPool-worker-35" daemon [_thread_blocked, id=5940, stack(0x000000cf2a100000,0x000000cf2a200000)]
  0x00000248b5428e20 JavaThread "ForkJoinPool.commonPool-worker-36" daemon [_thread_blocked, id=9032, stack(0x000000cf2a200000,0x000000cf2a300000)]
  0x00000248b542afd0 JavaThread "ForkJoinPool.commonPool-worker-37" daemon [_thread_blocked, id=11792, stack(0x000000cf2a300000,0x000000cf2a400000)]
  0x00000248b542a160 JavaThread "ForkJoinPool.commonPool-worker-38" daemon [_thread_blocked, id=11732, stack(0x000000cf2a400000,0x000000cf2a500000)]
  0x00000248b5426c70 JavaThread "ForkJoinPool.commonPool-worker-39" daemon [_thread_blocked, id=11404, stack(0x000000cf2a500000,0x000000cf2a600000)]
  0x00000248b542ab00 JavaThread "ForkJoinPool.commonPool-worker-40" daemon [_thread_blocked, id=4488, stack(0x000000cf2a600000,0x000000cf2a700000)]
  0x00000248b5425930 JavaThread "ForkJoinPool.commonPool-worker-41" daemon [_thread_blocked, id=4728, stack(0x000000cf2a700000,0x000000cf2a800000)]
  0x00000248b5428950 JavaThread "ForkJoinPool.commonPool-worker-42" daemon [_thread_blocked, id=4688, stack(0x000000cf2a800000,0x000000cf2a900000)]
  0x00000248b542a630 JavaThread "ForkJoinPool.commonPool-worker-43" daemon [_thread_blocked, id=11896, stack(0x000000cf2a900000,0x000000cf2aa00000)]
  0x00000248b54262d0 JavaThread "ForkJoinPool.commonPool-worker-44" daemon [_thread_blocked, id=10032, stack(0x000000cf2aa00000,0x000000cf2ab00000)]
  0x00000248b5428480 JavaThread "ForkJoinPool.commonPool-worker-45" daemon [_thread_blocked, id=11100, stack(0x000000cf2ab00000,0x000000cf2ac00000)]
  0x00000248b54297c0 JavaThread "ForkJoinPool.commonPool-worker-46" daemon [_thread_blocked, id=8660, stack(0x000000cf2ac00000,0x000000cf2ad00000)]
  0x00000248b5429c90 JavaThread "ForkJoinPool.commonPool-worker-47" daemon [_thread_blocked, id=6304, stack(0x000000cf2ad00000,0x000000cf2ae00000)]
  0x00000248b5424f90 JavaThread "ForkJoinPool.commonPool-worker-48" daemon [_thread_blocked, id=3004, stack(0x000000cf2ae00000,0x000000cf2af00000)]
  0x00000248b542b4a0 JavaThread "ForkJoinPool.commonPool-worker-49" daemon [_thread_blocked, id=5028, stack(0x000000cf2b000000,0x000000cf2b100000)]
  0x00000248b5427140 JavaThread "ForkJoinPool.commonPool-worker-50" daemon [_thread_blocked, id=1816, stack(0x000000cf2b100000,0x000000cf2b200000)]
  0x00000248b5423c50 JavaThread "ForkJoinPool.commonPool-worker-51" daemon [_thread_blocked, id=9420, stack(0x000000cf2b200000,0x000000cf2b300000)]
  0x00000248b54292f0 JavaThread "ForkJoinPool.commonPool-worker-52" daemon [_thread_blocked, id=11468, stack(0x000000cf2b300000,0x000000cf2b400000)]
  0x00000248b5424120 JavaThread "ForkJoinPool.commonPool-worker-53" daemon [_thread_blocked, id=11364, stack(0x000000cf2b400000,0x000000cf2b500000)]
  0x00000248b54245f0 JavaThread "ForkJoinPool.commonPool-worker-54" daemon [_thread_blocked, id=12164, stack(0x000000cf2b500000,0x000000cf2b600000)]
  0x00000248b5427610 JavaThread "ForkJoinPool.commonPool-worker-55" daemon [_thread_blocked, id=6804, stack(0x000000cf2b600000,0x000000cf2b700000)]
  0x00000248b5424ac0 JavaThread "ForkJoinPool.commonPool-worker-56" daemon [_thread_blocked, id=2784, stack(0x000000cf2b700000,0x000000cf2b800000)]
  0x00000248b5425460 JavaThread "ForkJoinPool.commonPool-worker-57" daemon [_thread_blocked, id=11076, stack(0x000000cf2b800000,0x000000cf2b900000)]
  0x00000248b5425e00 JavaThread "ForkJoinPool.commonPool-worker-58" daemon [_thread_blocked, id=11948, stack(0x000000cf2b900000,0x000000cf2ba00000)]
  0x00000248b54267a0 JavaThread "ForkJoinPool.commonPool-worker-59" daemon [_thread_blocked, id=11276, stack(0x000000cf2ba00000,0x000000cf2bb00000)]
  0x00000248b5427ae0 JavaThread "ForkJoinPool.commonPool-worker-60" daemon [_thread_blocked, id=10944, stack(0x000000cf2bb00000,0x000000cf2bc00000)]
  0x00000248b5427fb0 JavaThread "ForkJoinPool.commonPool-worker-61" daemon [_thread_blocked, id=7936, stack(0x000000cf2bc00000,0x000000cf2bd00000)]
  0x00000248b3e53f10 JavaThread "ForkJoinPool.commonPool-worker-62" daemon [_thread_blocked, id=11324, stack(0x000000cf2bd00000,0x000000cf2be00000)]
  0x00000248b3e55720 JavaThread "ForkJoinPool.commonPool-worker-63" daemon [_thread_blocked, id=4896, stack(0x000000cf2be00000,0x000000cf2bf00000)]
  0x00000248b3e530a0 JavaThread "ForkJoinPool.commonPool-worker-64" daemon [_thread_blocked, id=7760, stack(0x000000cf2bf00000,0x000000cf2c000000)]
  0x00000248b3e5a420 JavaThread "ForkJoinPool.commonPool-worker-65" daemon [_thread_blocked, id=6136, stack(0x000000cf2c000000,0x000000cf2c100000)]
  0x00000248b3e548b0 JavaThread "ForkJoinPool.commonPool-worker-66" daemon [_thread_blocked, id=4860, stack(0x000000cf2c100000,0x000000cf2c200000)]
  0x00000248b3e54d80 JavaThread "ForkJoinPool.commonPool-worker-67" daemon [_thread_blocked, id=11472, stack(0x000000cf2c200000,0x000000cf2c300000)]
  0x00000248b3e59a80 JavaThread "ForkJoinPool.commonPool-worker-68" daemon [_thread_blocked, id=9028, stack(0x000000cf2c300000,0x000000cf2c400000)]
  0x00000248b3e560c0 JavaThread "ForkJoinPool.commonPool-worker-69" daemon [_thread_blocked, id=6376, stack(0x000000cf2c400000,0x000000cf2c500000)]
  0x00000248b3e543e0 JavaThread "ForkJoinPool.commonPool-worker-70" daemon [_thread_blocked, id=3320, stack(0x000000cf2c500000,0x000000cf2c600000)]
  0x00000248b3e55250 JavaThread "ForkJoinPool.commonPool-worker-71" daemon [_thread_blocked, id=5384, stack(0x000000cf2c600000,0x000000cf2c700000)]
  0x00000248b3e57da0 JavaThread "ForkJoinPool.commonPool-worker-72" daemon [_thread_blocked, id=3276, stack(0x000000cf2af00000,0x000000cf2b000000)]
  0x00000248b3e58270 JavaThread "ForkJoinPool.commonPool-worker-73" daemon [_thread_blocked, id=3084, stack(0x000000cf2c700000,0x000000cf2c800000)]
  0x00000248b3e59f50 JavaThread "ForkJoinPool.commonPool-worker-74" daemon [_thread_blocked, id=6736, stack(0x000000cf2c800000,0x000000cf2c900000)]
  0x00000248b3e53570 JavaThread "ForkJoinPool.commonPool-worker-75" daemon [_thread_blocked, id=11292, stack(0x000000cf2c900000,0x000000cf2ca00000)]
  0x00000248b3e56590 JavaThread "ForkJoinPool.commonPool-worker-76" daemon [_thread_blocked, id=4924, stack(0x000000cf2ca00000,0x000000cf2cb00000)]
  0x00000248b3e595b0 JavaThread "ForkJoinPool.commonPool-worker-77" daemon [_thread_blocked, id=1484, stack(0x000000cf2cb00000,0x000000cf2cc00000)]
  0x00000248b3e56a60 JavaThread "ForkJoinPool.commonPool-worker-78" daemon [_thread_blocked, id=604, stack(0x000000cf2cc00000,0x000000cf2cd00000)]
  0x00000248b3e58c10 JavaThread "ForkJoinPool.commonPool-worker-79" daemon [_thread_blocked, id=1304, stack(0x000000cf2cd00000,0x000000cf2ce00000)]
  0x00000248b3e58740 JavaThread "ForkJoinPool.commonPool-worker-80" daemon [_thread_blocked, id=11988, stack(0x000000cf2ce00000,0x000000cf2cf00000)]
  0x00000248b3e53a40 JavaThread "ForkJoinPool.commonPool-worker-81" daemon [_thread_blocked, id=3628, stack(0x000000cf2cf00000,0x000000cf2d000000)]
  0x00000248b3e56f30 JavaThread "ForkJoinPool.commonPool-worker-82" daemon [_thread_blocked, id=10872, stack(0x000000cf2d000000,0x000000cf2d100000)]
  0x00000248b3e578d0 JavaThread "ForkJoinPool.commonPool-worker-83" daemon [_thread_blocked, id=12008, stack(0x000000cf2d100000,0x000000cf2d200000)]
  0x00000248b3e57400 JavaThread "ForkJoinPool.commonPool-worker-84" daemon [_thread_blocked, id=8964, stack(0x000000cf2d200000,0x000000cf2d300000)]
  0x00000248b3e590e0 JavaThread "ForkJoinPool.commonPool-worker-85" daemon [_thread_blocked, id=2100, stack(0x000000cf2d300000,0x000000cf2d400000)]
  0x00000248baa29dc0 JavaThread "ForkJoinPool.commonPool-worker-86" daemon [_thread_blocked, id=7584, stack(0x000000cf2d400000,0x000000cf2d500000)]
  0x00000248baa25f30 JavaThread "ForkJoinPool.commonPool-worker-87" daemon [_thread_blocked, id=11836, stack(0x000000cf2d500000,0x000000cf2d600000)]
  0x00000248baa298f0 JavaThread "ForkJoinPool.commonPool-worker-88" daemon [_thread_blocked, id=1852, stack(0x000000cf2d600000,0x000000cf2d700000)]
  0x00000248baa26400 JavaThread "ForkJoinPool.commonPool-worker-89" daemon [_thread_blocked, id=7588, stack(0x000000cf2d700000,0x000000cf2d800000)]
  0x00000248baa28f50 JavaThread "ForkJoinPool.commonPool-worker-90" daemon [_thread_blocked, id=7668, stack(0x000000cf2d800000,0x000000cf2d900000)]
  0x00000248baa2a290 JavaThread "ForkJoinPool.commonPool-worker-91" daemon [_thread_blocked, id=11512, stack(0x000000cf2d900000,0x000000cf2da00000)]
  0x00000248baa25590 JavaThread "ForkJoinPool.commonPool-worker-92" daemon [_thread_blocked, id=6548, stack(0x000000cf2da00000,0x000000cf2db00000)]
  0x00000248baa25a60 JavaThread "ForkJoinPool.commonPool-worker-94" daemon [_thread_blocked, id=11604, stack(0x000000cf2dc00000,0x000000cf2dd00000)]
  0x00000248baa27270 JavaThread "ForkJoinPool.commonPool-worker-95" daemon [_thread_blocked, id=8452, stack(0x000000cf2dd00000,0x000000cf2de00000)]
  0x00000248baa2a760 JavaThread "ForkJoinPool.commonPool-worker-96" daemon [_thread_blocked, id=11912, stack(0x000000cf2de00000,0x000000cf2df00000)]
  0x00000248baa250c0 JavaThread "ForkJoinPool.commonPool-worker-97" daemon [_thread_blocked, id=10788, stack(0x000000cf2df00000,0x000000cf2e000000)]
  0x00000248baa24250 JavaThread "ForkJoinPool.commonPool-worker-98" daemon [_thread_blocked, id=6588, stack(0x000000cf2e000000,0x000000cf2e100000)]
  0x00000248baa22f10 JavaThread "ForkJoinPool.commonPool-worker-99" daemon [_thread_blocked, id=2956, stack(0x000000cf2e100000,0x000000cf2e200000)]
  0x00000248baa268d0 JavaThread "ForkJoinPool.commonPool-worker-100" daemon [_thread_blocked, id=5100, stack(0x000000cf2e200000,0x000000cf2e300000)]
  0x00000248baa24720 JavaThread "ForkJoinPool.commonPool-worker-101" daemon [_thread_blocked, id=4388, stack(0x000000cf2e300000,0x000000cf2e400000)]
  0x00000248baa238b0 JavaThread "ForkJoinPool.commonPool-worker-103" daemon [_thread_blocked, id=9180, stack(0x000000cf2e500000,0x000000cf2e600000)]
  0x00000248baa23d80 JavaThread "ForkJoinPool.commonPool-worker-104" daemon [_thread_blocked, id=2632, stack(0x000000cf2e600000,0x000000cf2e700000)]
  0x00000248baa24bf0 JavaThread "ForkJoinPool.commonPool-worker-105" daemon [_thread_blocked, id=10628, stack(0x000000cf2e700000,0x000000cf2e800000)]
  0x00000248baa28a80 JavaThread "ForkJoinPool.commonPool-worker-106" daemon [_thread_blocked, id=8296, stack(0x000000cf2e800000,0x000000cf2e900000)]
  0x00000248baa27740 JavaThread "ForkJoinPool.commonPool-worker-107" daemon [_thread_blocked, id=10572, stack(0x000000cf2e900000,0x000000cf2ea00000)]
  0x00000248baa27c10 JavaThread "ForkJoinPool.commonPool-worker-108" daemon [_thread_blocked, id=7568, stack(0x000000cf2ea00000,0x000000cf2eb00000)]
  0x00000248baa280e0 JavaThread "ForkJoinPool.commonPool-worker-109" daemon [_thread_blocked, id=6748, stack(0x000000cf2ec00000,0x000000cf2ed00000)]
  0x00000248b3ffe920 JavaThread "ForkJoinPool.commonPool-worker-110" daemon [_thread_blocked, id=12000, stack(0x000000cf2ed00000,0x000000cf2ee00000)]
  0x00000248baa285b0 JavaThread "ForkJoinPool.commonPool-worker-111" daemon [_thread_blocked, id=3900, stack(0x000000cf2ee00000,0x000000cf2ef00000)]
  0x00000248c8230120 JavaThread "ForkJoinPool.commonPool-worker-112" daemon [_thread_blocked, id=10748, stack(0x000000cf2f000000,0x000000cf2f100000)]
  0x00000248c8234480 JavaThread "ForkJoinPool.commonPool-worker-113" daemon [_thread_blocked, id=3208, stack(0x000000cf2ef00000,0x000000cf2f000000)]
  0x00000248c822fc50 JavaThread "ForkJoinPool.commonPool-worker-114" daemon [_thread_blocked, id=11576, stack(0x000000cf2f100000,0x000000cf2f200000)]
  0x00000248c8230f90 JavaThread "ForkJoinPool.commonPool-worker-115" daemon [_thread_blocked, id=952, stack(0x000000cf2f200000,0x000000cf2f300000)]
  0x00000248c8233140 JavaThread "ForkJoinPool.commonPool-worker-116" daemon [_thread_blocked, id=1964, stack(0x000000cf2f300000,0x000000cf2f400000)]
  0x00000248c8231e00 JavaThread "ForkJoinPool.commonPool-worker-117" daemon [_thread_blocked, id=6168, stack(0x000000cf2f400000,0x000000cf2f500000)]
  0x00000248c8231930 JavaThread "ForkJoinPool.commonPool-worker-118" daemon [_thread_blocked, id=4884, stack(0x000000cf2f500000,0x000000cf2f600000)]
  0x00000248c82322d0 JavaThread "Worker-67" [_thread_blocked, id=8208, stack(0x000000cf25600000,0x000000cf25700000)]
  0x00000248c8233610 JavaThread "Worker-68" [_thread_blocked, id=11648, stack(0x000000cf25800000,0x000000cf25900000)]
  0x00000248c8234950 JavaThread "ForkJoinPool.commonPool-worker-119" daemon [_thread_blocked, id=10368, stack(0x000000cf29500000,0x000000cf29600000)]
  0x00000248c8233fb0 JavaThread "ForkJoinPool.commonPool-worker-120" daemon [_thread_blocked, id=9436, stack(0x000000cf29600000,0x000000cf29700000)]
  0x00000248c8234e20 JavaThread "ForkJoinPool.commonPool-worker-121" daemon [_thread_blocked, id=4516, stack(0x000000cf2db00000,0x000000cf2dc00000)]
  0x00000248c82352f0 JavaThread "ForkJoinPool.commonPool-worker-122" daemon [_thread_blocked, id=10940, stack(0x000000cf2eb00000,0x000000cf2ec00000)]
  0x00000248c822f780 JavaThread "ForkJoinPool.commonPool-worker-123" daemon [_thread_blocked, id=10212, stack(0x000000cf2f600000,0x000000cf2f700000)]
  0x00000248c82357c0 JavaThread "ForkJoinPool.commonPool-worker-124" daemon [_thread_blocked, id=10792, stack(0x000000cf2f700000,0x000000cf2f800000)]
  0x00000248c8233ae0 JavaThread "ForkJoinPool.commonPool-worker-125" daemon [_thread_blocked, id=10672, stack(0x000000cf2f800000,0x000000cf2f900000)]
  0x00000248c8235c90 JavaThread "Worker-70: Publish Diagnostics" [_thread_in_Java, id=9048, stack(0x000000cf27200000,0x000000cf27300000)]

Other Threads:
  0x00000248b1ea4020 VMThread "VM Thread" [stack: 0x000000cf25b00000,0x000000cf25c00000] [id=7736]
  0x00000248b3aefd50 WatcherThread [stack: 0x000000cf26700000,0x000000cf26800000] [id=8456]
  0x000002489e0b3580 GCTaskThread "GC Thread#0" [stack: 0x000000cf25a00000,0x000000cf25b00000] [id=10268]
  0x00000248b40b2e20 GCTaskThread "GC Thread#1" [stack: 0x000000cf26900000,0x000000cf26a00000] [id=7940]
  0x00000248b415aa30 GCTaskThread "GC Thread#2" [stack: 0x000000cf26a00000,0x000000cf26b00000] [id=1136]
  0x00000248b415ace0 GCTaskThread "GC Thread#3" [stack: 0x000000cf26b00000,0x000000cf26c00000] [id=8440]

Threads with active compile tasks:
C2 CompilerThread0  7235420 33511       4       org.eclipse.jdt.internal.compiler.parser.Parser::consumeRule (7834 bytes)

VM state: not at safepoint (normal execution)

VM Mutex/Monitor currently owned by a thread: None

Heap address: 0x00000000c0000000, size: 1024 MB, Compressed Oops mode: 32-bit

CDS archive(s) not mapped
Compressed class space mapped at: 0x0000000100000000-0x0000000140000000, reserved size: 1073741824
Narrow klass base: 0x0000000000000000, Narrow klass shift: 3, Narrow klass range: 0x140000000

GC Precious Log:
 CPUs: 4 total, 4 available
 Memory: 8050M
 Large Page Support: Disabled
 NUMA Support: Disabled
 Compressed Oops: Enabled (32-bit)
 Alignments: Space 512K, Generation 512K, Heap 2M
 Heap Min Capacity: 100M
 Heap Initial Capacity: 100M
 Heap Max Capacity: 1G
 Pre-touch: Disabled
 Parallel Workers: 4

Heap:
 PSYoungGen      total 23040K, used 22575K [0x00000000eab00000, 0x00000000ec500000, 0x0000000100000000)
  eden space 22016K, 97% used [0x00000000eab00000,0x00000000ec00c298,0x00000000ec080000)
  from space 1024K, 99% used [0x00000000ec400000,0x00000000ec4ffb10,0x00000000ec500000)
  to   space 2048K, 0% used [0x00000000ec100000,0x00000000ec100000,0x00000000ec300000)
 ParOldGen       total 371200K, used 364448K [0x00000000c0000000, 0x00000000d6a80000, 0x00000000eab00000)
  object space 371200K, 98% used [0x00000000c0000000,0x00000000d63e8150,0x00000000d6a80000)
 Metaspace       used 96865K, committed 98112K, reserved 1138688K
  class space    used 9303K, committed 9920K, reserved 1048576K

Card table byte_map: [0x000002489da50000,0x000002489dc60000] _byte_map_base: 0x000002489d450000

Marking Bits: (ParMarkBitMap*) 0x00007ffb670c0dd0
 Begin Bits: [0x00000248afd30000, 0x00000248b0d30000)
 End Bits:   [0x00000248b0d30000, 0x00000248b1d30000)

Polling page: 0x000002489bf60000

Metaspace:

Usage:
  Non-class:     85.51 MB used.
      Class:      9.09 MB used.
       Both:     94.60 MB used.

Virtual space:
  Non-class space:       88.00 MB reserved,      86.12 MB ( 98%) committed,  11 nodes.
      Class space:        1.00 GB reserved,       9.69 MB ( <1%) committed,  1 nodes.
             Both:        1.09 GB reserved,      95.81 MB (  9%) committed. 

Chunk freelists:
   Non-Class:  1.75 MB
       Class:  2.26 MB
        Both:  4.01 MB

MaxMetaspaceSize: unlimited
CompressedClassSpaceSize: 1.00 GB
Initial GC threshold: 21.00 MB
Current GC threshold: 159.69 MB
CDS: off
MetaspaceReclaimPolicy: balanced
 - commit_granule_bytes: 65536.
 - commit_granule_words: 8192.
 - virtual_space_node_default_size: 1048576.
 - enlarge_chunks_in_place: 1.
 - new_chunks_are_fully_committed: 0.
 - uncommit_free_chunks: 1.
 - use_allocation_guard: 0.
 - handle_deallocations: 1.


Internal statistics:

num_allocs_failed_limit: 6.
num_arena_births: 1240.
num_arena_deaths: 422.
num_vsnodes_births: 12.
num_vsnodes_deaths: 0.
num_space_committed: 1533.
num_space_uncommitted: 1.
num_chunks_returned_to_freelist: 563.
num_chunks_taken_from_freelist: 5606.
num_chunk_merges: 197.
num_chunk_splits: 3286.
num_chunks_enlarged: 1804.
num_purges: 22.
num_inconsistent_stats: 0.

CodeHeap 'non-profiled nmethods': size=120000Kb used=35441Kb max_used=36344Kb free=84558Kb
 bounds [0x00000248a8800000, 0x00000248aab90000, 0x00000248afd30000]
CodeHeap 'profiled nmethods': size=120000Kb used=40275Kb max_used=41286Kb free=79724Kb
 bounds [0x00000248a12d0000, 0x00000248a3b60000, 0x00000248a8800000]
CodeHeap 'non-nmethods': size=5760Kb used=1437Kb max_used=1585Kb free=4322Kb
 bounds [0x00000248a0d30000, 0x00000248a0fa0000, 0x00000248a12d0000]
 total_blobs=22524 nmethods=21732 adapters=700
 compilation: enabled
              stopped_count=0, restarted_count=0
 full_count=0

Compilation events (20 events):
Event: 7191.826 Thread 0x00000248b1f07c10 nmethod 33502 0x00000248aa411810 code [0x00000248aa411a40, 0x00000248aa4126f0]
Event: 7192.270 Thread 0x00000248b1f0fc40 33503       3       java.io.OutputStreamWriter::flush (8 bytes)
Event: 7192.270 Thread 0x00000248b1f0fc40 nmethod 33503 0x00000248a30fc690 code [0x00000248a30fc8a0, 0x00000248a30fcec8]
Event: 7195.879 Thread 0x00000248b1f07c10 33504       4       org.eclipse.jdt.internal.compiler.lookup.Scope::connectTypeVariables (1115 bytes)
Event: 7196.019 Thread 0x00000248b1f07c10 nmethod 33504 0x00000248a936ea90 code [0x00000248a936ee60, 0x00000248a9370c88]
Event: 7211.451 Thread 0x00000248b1f07c10 33505       4       org.eclipse.jdt.internal.compiler.ClassFile::completeMethodInfo (461 bytes)
Event: 7211.635 Thread 0x00000248b1f07c10 nmethod 33505 0x00000248aa949790 code [0x00000248aa949aa0, 0x00000248aa94ba80]
Event: 7230.586 Thread 0x00000248b1f0fc40 33506       1       java.util.concurrent.locks.ReentrantReadWriteLock$NonfairSync::writerShouldBlock (2 bytes)
Event: 7230.586 Thread 0x00000248b1f0fc40 nmethod 33506 0x00000248a9772e90 code [0x00000248a9773020, 0x00000248a97730f8]
Event: 7231.820 Thread 0x00000248b1f07c10 33507   !   4       org.eclipse.jdt.internal.compiler.lookup.LookupEnvironment::askForType (492 bytes)
Event: 7232.644 Thread 0x00000248b1f0fc40 33509 %     3       org.eclipse.jdt.internal.compiler.lookup.Scope::getTypeOrPackage @ 1194 (1692 bytes)
Event: 7233.345 Thread 0x00000248b1f0fc40 nmethod 33509% 0x00000248a3554610 code [0x00000248a35551e0, 0x00000248a355efe8]
Event: 7233.610 Thread 0x00000248b1f0fc40 33510       3       org.eclipse.jdt.internal.compiler.lookup.ParameterizedMethodBinding::<init> (798 bytes)
Event: 7233.645 Thread 0x00000248b1f0fc40 nmethod 33510 0x00000248a3a0b010 code [0x00000248a3a0b480, 0x00000248a3a0de08]
Event: 7233.758 Thread 0x00000248b1f07c10 nmethod 33507 0x00000248aa5cea10 code [0x00000248aa5cee20, 0x00000248aa5d2d88]
Event: 7233.759 Thread 0x00000248b1f07c10 33511       4       org.eclipse.jdt.internal.compiler.parser.Parser::consumeRule (7834 bytes)
Event: 7233.913 Thread 0x00000248b1f0fc40 33512       3       org.eclipse.jdt.internal.compiler.lookup.Scope::getTypeOrPackage (1692 bytes)
Event: 7233.963 Thread 0x00000248b1f0fc40 nmethod 33512 0x00000248a39db590 code [0x00000248a39dc140, 0x00000248a39e5a08]
Event: 7233.972 Thread 0x00000248b1f0fc40 33513       3       org.eclipse.jdt.internal.compiler.lookup.CompilationUnitScope::faultInImports (1110 bytes)
Event: 7234.048 Thread 0x00000248b1f0fc40 nmethod 33513 0x00000248a3843c10 code [0x00000248a3844340, 0x00000248a3849aa8]

GC Heap History (20 events):
Event: 7210.473 GC heap before
{Heap before GC invocations=19422 (full 607):
 PSYoungGen      total 24064K, used 24062K [0x00000000eab00000, 0x00000000ec780000, 0x0000000100000000)
  eden space 22016K, 100% used [0x00000000eab00000,0x00000000ec080000,0x00000000ec080000)
  from space 2048K, 99% used [0x00000000ec500000,0x00000000ec6ffb10,0x00000000ec700000)
  to   space 512K, 0% used [0x00000000ec700000,0x00000000ec700000,0x00000000ec780000)
 ParOldGen       total 371200K, used 349743K [0x00000000c0000000, 0x00000000d6a80000, 0x00000000eab00000)
  object space 371200K, 94% used [0x00000000c0000000,0x00000000d558bdb8,0x00000000d6a80000)
 Metaspace       used 96865K, committed 98112K, reserved 1138688K
  class space    used 9303K, committed 9920K, reserved 1048576K
}
Event: 7210.477 GC heap after
{Heap after GC invocations=19422 (full 607):
 PSYoungGen      total 22528K, used 512K [0x00000000eab00000, 0x00000000ec780000, 0x0000000100000000)
  eden space 22016K, 0% used [0x00000000eab00000,0x00000000eab00000,0x00000000ec080000)
  from space 512K, 100% used [0x00000000ec700000,0x00000000ec780000,0x00000000ec780000)
  to   space 3072K, 0% used [0x00000000ec180000,0x00000000ec180000,0x00000000ec480000)
 ParOldGen       total 371200K, used 351870K [0x00000000c0000000, 0x00000000d6a80000, 0x00000000eab00000)
  object space 371200K, 94% used [0x00000000c0000000,0x00000000d579f938,0x00000000d6a80000)
 Metaspace       used 96865K, committed 98112K, reserved 1138688K
  class space    used 9303K, committed 9920K, reserved 1048576K
}
Event: 7210.844 GC heap before
{Heap before GC invocations=19423 (full 607):
 PSYoungGen      total 22528K, used 22528K [0x00000000eab00000, 0x00000000ec780000, 0x0000000100000000)
  eden space 22016K, 100% used [0x00000000eab00000,0x00000000ec080000,0x00000000ec080000)
  from space 512K, 100% used [0x00000000ec700000,0x00000000ec780000,0x00000000ec780000)
  to   space 3072K, 0% used [0x00000000ec180000,0x00000000ec180000,0x00000000ec480000)
 ParOldGen       total 371200K, used 351870K [0x00000000c0000000, 0x00000000d6a80000, 0x00000000eab00000)
  object space 371200K, 94% used [0x00000000c0000000,0x00000000d579f938,0x00000000d6a80000)
 Metaspace       used 96865K, committed 98112K, reserved 1138688K
  class space    used 9303K, committed 9920K, reserved 1048576K
}
Event: 7210.846 GC heap after
{Heap after GC invocations=19423 (full 607):
 PSYoungGen      total 25088K, used 1828K [0x00000000eab00000, 0x00000000ec780000, 0x0000000100000000)
  eden space 22016K, 0% used [0x00000000eab00000,0x00000000eab00000,0x00000000ec080000)
  from space 3072K, 59% used [0x00000000ec180000,0x00000000ec349210,0x00000000ec480000)
  to   space 2560K, 0% used [0x00000000ec500000,0x00000000ec500000,0x00000000ec780000)
 ParOldGen       total 371200K, used 351886K [0x00000000c0000000, 0x00000000d6a80000, 0x00000000eab00000)
  object space 371200K, 94% used [0x00000000c0000000,0x00000000d57a3938,0x00000000d6a80000)
 Metaspace       used 96865K, committed 98112K, reserved 1138688K
  class space    used 9303K, committed 9920K, reserved 1048576K
}
Event: 7211.419 GC heap before
{Heap before GC invocations=19424 (full 607):
 PSYoungGen      total 25088K, used 23844K [0x00000000eab00000, 0x00000000ec780000, 0x0000000100000000)
  eden space 22016K, 100% used [0x00000000eab00000,0x00000000ec080000,0x00000000ec080000)
  from space 3072K, 59% used [0x00000000ec180000,0x00000000ec349210,0x00000000ec480000)
  to   space 2560K, 0% used [0x00000000ec500000,0x00000000ec500000,0x00000000ec780000)
 ParOldGen       total 371200K, used 351886K [0x00000000c0000000, 0x00000000d6a80000, 0x00000000eab00000)
  object space 371200K, 94% used [0x00000000c0000000,0x00000000d57a3938,0x00000000d6a80000)
 Metaspace       used 96865K, committed 98112K, reserved 1138688K
  class space    used 9303K, committed 9920K, reserved 1048576K
}
Event: 7211.421 GC heap after
{Heap after GC invocations=19424 (full 607):
 PSYoungGen      total 23552K, used 1348K [0x00000000eab00000, 0x00000000ec680000, 0x0000000100000000)
  eden space 22016K, 0% used [0x00000000eab00000,0x00000000eab00000,0x00000000ec080000)
  from space 1536K, 87% used [0x00000000ec500000,0x00000000ec651210,0x00000000ec680000)
  to   space 2048K, 0% used [0x00000000ec280000,0x00000000ec280000,0x00000000ec480000)
 ParOldGen       total 371200K, used 351886K [0x00000000c0000000, 0x00000000d6a80000, 0x00000000eab00000)
  object space 371200K, 94% used [0x00000000c0000000,0x00000000d57a3938,0x00000000d6a80000)
 Metaspace       used 96865K, committed 98112K, reserved 1138688K
  class space    used 9303K, committed 9920K, reserved 1048576K
}
Event: 7211.552 GC heap before
{Heap before GC invocations=19425 (full 607):
 PSYoungGen      total 23552K, used 23364K [0x00000000eab00000, 0x00000000ec680000, 0x0000000100000000)
  eden space 22016K, 100% used [0x00000000eab00000,0x00000000ec080000,0x00000000ec080000)
  from space 1536K, 87% used [0x00000000ec500000,0x00000000ec651210,0x00000000ec680000)
  to   space 2048K, 0% used [0x00000000ec280000,0x00000000ec280000,0x00000000ec480000)
 ParOldGen       total 371200K, used 351886K [0x00000000c0000000, 0x00000000d6a80000, 0x00000000eab00000)
  object space 371200K, 94% used [0x00000000c0000000,0x00000000d57a3938,0x00000000d6a80000)
 Metaspace       used 96865K, committed 98112K, reserved 1138688K
  class space    used 9303K, committed 9920K, reserved 1048576K
}
Event: 7211.555 GC heap after
{Heap after GC invocations=19425 (full 607):
 PSYoungGen      total 24064K, used 1652K [0x00000000eab00000, 0x00000000ec580000, 0x0000000100000000)
  eden space 22016K, 0% used [0x00000000eab00000,0x00000000eab00000,0x00000000ec080000)
  from space 2048K, 80% used [0x00000000ec280000,0x00000000ec41d200,0x00000000ec480000)
  to   space 1024K, 0% used [0x00000000ec480000,0x00000000ec480000,0x00000000ec580000)
 ParOldGen       total 371200K, used 351886K [0x00000000c0000000, 0x00000000d6a80000, 0x00000000eab00000)
  object space 371200K, 94% used [0x00000000c0000000,0x00000000d57a3938,0x00000000d6a80000)
 Metaspace       used 96865K, committed 98112K, reserved 1138688K
  class space    used 9303K, committed 9920K, reserved 1048576K
}
Event: 7211.667 GC heap before
{Heap before GC invocations=19426 (full 607):
 PSYoungGen      total 24064K, used 23668K [0x00000000eab00000, 0x00000000ec580000, 0x0000000100000000)
  eden space 22016K, 100% used [0x00000000eab00000,0x00000000ec080000,0x00000000ec080000)
  from space 2048K, 80% used [0x00000000ec280000,0x00000000ec41d200,0x00000000ec480000)
  to   space 1024K, 0% used [0x00000000ec480000,0x00000000ec480000,0x00000000ec580000)
 ParOldGen       total 371200K, used 351886K [0x00000000c0000000, 0x00000000d6a80000, 0x00000000eab00000)
  object space 371200K, 94% used [0x00000000c0000000,0x00000000d57a3938,0x00000000d6a80000)
 Metaspace       used 96865K, committed 98112K, reserved 1138688K
  class space    used 9303K, committed 9920K, reserved 1048576K
}
Event: 7211.686 GC heap after
{Heap after GC invocations=19426 (full 607):
 PSYoungGen      total 23040K, used 1012K [0x00000000eab00000, 0x00000000ec580000, 0x0000000100000000)
  eden space 22016K, 0% used [0x00000000eab00000,0x00000000eab00000,0x00000000ec080000)
  from space 1024K, 98% used [0x00000000ec480000,0x00000000ec57d200,0x00000000ec580000)
  to   space 1536K, 0% used [0x00000000ec280000,0x00000000ec280000,0x00000000ec400000)
 ParOldGen       total 371200K, used 352250K [0x00000000c0000000, 0x00000000d6a80000, 0x00000000eab00000)
  object space 371200K, 94% used [0x00000000c0000000,0x00000000d57fe968,0x00000000d6a80000)
 Metaspace       used 96865K, committed 98112K, reserved 1138688K
  class space    used 9303K, committed 9920K, reserved 1048576K
}
Event: 7228.033 GC heap before
{Heap before GC invocations=19427 (full 607):
 PSYoungGen      total 23040K, used 23028K [0x00000000eab00000, 0x00000000ec580000, 0x0000000100000000)
  eden space 22016K, 100% used [0x00000000eab00000,0x00000000ec080000,0x00000000ec080000)
  from space 1024K, 98% used [0x00000000ec480000,0x00000000ec57d200,0x00000000ec580000)
  to   space 1536K, 0% used [0x00000000ec280000,0x00000000ec280000,0x00000000ec400000)
 ParOldGen       total 371200K, used 352250K [0x00000000c0000000, 0x00000000d6a80000, 0x00000000eab00000)
  object space 371200K, 94% used [0x00000000c0000000,0x00000000d57fe968,0x00000000d6a80000)
 Metaspace       used 96865K, committed 98112K, reserved 1138688K
  class space    used 9303K, committed 9920K, reserved 1048576K
}
Event: 7228.067 GC heap after
{Heap after GC invocations=19427 (full 607):
 PSYoungGen      total 23552K, used 1460K [0x00000000eab00000, 0x00000000ec500000, 0x0000000100000000)
  eden space 22016K, 0% used [0x00000000eab00000,0x00000000eab00000,0x00000000ec080000)
  from space 1536K, 95% used [0x00000000ec280000,0x00000000ec3ed220,0x00000000ec400000)
  to   space 1024K, 0% used [0x00000000ec400000,0x00000000ec400000,0x00000000ec500000)
 ParOldGen       total 371200K, used 352258K [0x00000000c0000000, 0x00000000d6a80000, 0x00000000eab00000)
  object space 371200K, 94% used [0x00000000c0000000,0x00000000d5800968,0x00000000d6a80000)
 Metaspace       used 96865K, committed 98112K, reserved 1138688K
  class space    used 9303K, committed 9920K, reserved 1048576K
}
Event: 7232.166 GC heap before
{Heap before GC invocations=19428 (full 607):
 PSYoungGen      total 23552K, used 23476K [0x00000000eab00000, 0x00000000ec500000, 0x0000000100000000)
  eden space 22016K, 100% used [0x00000000eab00000,0x00000000ec080000,0x00000000ec080000)
  from space 1536K, 95% used [0x00000000ec280000,0x00000000ec3ed220,0x00000000ec400000)
  to   space 1024K, 0% used [0x00000000ec400000,0x00000000ec400000,0x00000000ec500000)
 ParOldGen       total 371200K, used 352258K [0x00000000c0000000, 0x00000000d6a80000, 0x00000000eab00000)
  object space 371200K, 94% used [0x00000000c0000000,0x00000000d5800968,0x00000000d6a80000)
 Metaspace       used 96865K, committed 98112K, reserved 1138688K
  class space    used 9303K, committed 9920K, reserved 1048576K
}
Event: 7232.208 GC heap after
{Heap after GC invocations=19428 (full 607):
 PSYoungGen      total 23040K, used 1012K [0x00000000eab00000, 0x00000000ec500000, 0x0000000100000000)
  eden space 22016K, 0% used [0x00000000eab00000,0x00000000eab00000,0x00000000ec080000)
  from space 1024K, 98% used [0x00000000ec400000,0x00000000ec4fd220,0x00000000ec500000)
  to   space 1536K, 0% used [0x00000000ec280000,0x00000000ec280000,0x00000000ec400000)
 ParOldGen       total 371200K, used 355640K [0x00000000c0000000, 0x00000000d6a80000, 0x00000000eab00000)
  object space 371200K, 95% used [0x00000000c0000000,0x00000000d5b4e138,0x00000000d6a80000)
 Metaspace       used 96865K, committed 98112K, reserved 1138688K
  class space    used 9303K, committed 9920K, reserved 1048576K
}
Event: 7233.592 GC heap before
{Heap before GC invocations=19429 (full 607):
 PSYoungGen      total 23040K, used 23028K [0x00000000eab00000, 0x00000000ec500000, 0x0000000100000000)
  eden space 22016K, 100% used [0x00000000eab00000,0x00000000ec080000,0x00000000ec080000)
  from space 1024K, 98% used [0x00000000ec400000,0x00000000ec4fd220,0x00000000ec500000)
  to   space 1536K, 0% used [0x00000000ec280000,0x00000000ec280000,0x00000000ec400000)
 ParOldGen       total 371200K, used 355640K [0x00000000c0000000, 0x00000000d6a80000, 0x00000000eab00000)
  object space 371200K, 95% used [0x00000000c0000000,0x00000000d5b4e138,0x00000000d6a80000)
 Metaspace       used 96865K, committed 98112K, reserved 1138688K
  class space    used 9303K, committed 9920K, reserved 1048576K
}
Event: 7233.608 GC heap after
{Heap after GC invocations=19429 (full 607):
 PSYoungGen      total 23552K, used 1305K [0x00000000eab00000, 0x00000000ec500000, 0x0000000100000000)
  eden space 22016K, 0% used [0x00000000eab00000,0x00000000eab00000,0x00000000ec080000)
  from space 1536K, 84% used [0x00000000ec280000,0x00000000ec3c6410,0x00000000ec400000)
  to   space 1024K, 0% used [0x00000000ec400000,0x00000000ec400000,0x00000000ec500000)
 ParOldGen       total 371200K, used 355960K [0x00000000c0000000, 0x00000000d6a80000, 0x00000000eab00000)
  object space 371200K, 95% used [0x00000000c0000000,0x00000000d5b9e138,0x00000000d6a80000)
 Metaspace       used 96865K, committed 98112K, reserved 1138688K
  class space    used 9303K, committed 9920K, reserved 1048576K
}
Event: 7233.799 GC heap before
{Heap before GC invocations=19430 (full 607):
 PSYoungGen      total 23552K, used 23321K [0x00000000eab00000, 0x00000000ec500000, 0x0000000100000000)
  eden space 22016K, 100% used [0x00000000eab00000,0x00000000ec080000,0x00000000ec080000)
  from space 1536K, 84% used [0x00000000ec280000,0x00000000ec3c6410,0x00000000ec400000)
  to   space 1024K, 0% used [0x00000000ec400000,0x00000000ec400000,0x00000000ec500000)
 ParOldGen       total 371200K, used 355960K [0x00000000c0000000, 0x00000000d6a80000, 0x00000000eab00000)
  object space 371200K, 95% used [0x00000000c0000000,0x00000000d5b9e138,0x00000000d6a80000)
 Metaspace       used 96865K, committed 98112K, reserved 1138688K
  class space    used 9303K, committed 9920K, reserved 1048576K
}
Event: 7233.801 GC heap after
{Heap after GC invocations=19430 (full 607):
 PSYoungGen      total 23040K, used 1017K [0x00000000eab00000, 0x00000000ec500000, 0x0000000100000000)
  eden space 22016K, 0% used [0x00000000eab00000,0x00000000eab00000,0x00000000ec080000)
  from space 1024K, 99% used [0x00000000ec400000,0x00000000ec4fe430,0x00000000ec500000)
  to   space 2048K, 0% used [0x00000000ec100000,0x00000000ec100000,0x00000000ec300000)
 ParOldGen       total 371200K, used 356636K [0x00000000c0000000, 0x00000000d6a80000, 0x00000000eab00000)
  object space 371200K, 96% used [0x00000000c0000000,0x00000000d5c471a8,0x00000000d6a80000)
 Metaspace       used 96865K, committed 98112K, reserved 1138688K
  class space    used 9303K, committed 9920K, reserved 1048576K
}
Event: 7233.990 GC heap before
{Heap before GC invocations=19431 (full 607):
 PSYoungGen      total 23040K, used 23033K [0x00000000eab00000, 0x00000000ec500000, 0x0000000100000000)
  eden space 22016K, 100% used [0x00000000eab00000,0x00000000ec080000,0x00000000ec080000)
  from space 1024K, 99% used [0x00000000ec400000,0x00000000ec4fe430,0x00000000ec500000)
  to   space 2048K, 0% used [0x00000000ec100000,0x00000000ec100000,0x00000000ec300000)
 ParOldGen       total 371200K, used 356636K [0x00000000c0000000, 0x00000000d6a80000, 0x00000000eab00000)
  object space 371200K, 96% used [0x00000000c0000000,0x00000000d5c471a8,0x00000000d6a80000)
 Metaspace       used 96865K, committed 98112K, reserved 1138688K
  class space    used 9303K, committed 9920K, reserved 1048576K
}
Event: 7233.992 GC heap after
{Heap after GC invocations=19431 (full 607):
 PSYoungGen      total 24064K, used 2019K [0x00000000eab00000, 0x00000000ec500000, 0x0000000100000000)
  eden space 22016K, 0% used [0x00000000eab00000,0x00000000eab00000,0x00000000ec080000)
  from space 2048K, 98% used [0x00000000ec100000,0x00000000ec2f8d20,0x00000000ec300000)
  to   space 1024K, 0% used [0x00000000ec400000,0x00000000ec400000,0x00000000ec500000)
 ParOldGen       total 371200K, used 356986K [0x00000000c0000000, 0x00000000d6a80000, 0x00000000eab00000)
  object space 371200K, 96% used [0x00000000c0000000,0x00000000d5c9e948,0x00000000d6a80000)
 Metaspace       used 96865K, committed 98112K, reserved 1138688K
  class space    used 9303K, committed 9920K, reserved 1048576K
}

Dll operation events (13 events):
Event: 0.249 Loaded shared library c:\Users\203104\.vscode\extensions\redhat.java-1.13.0-win32-x64\jre\17.0.5-win32-x86_64\bin\java.dll
Event: 0.392 Loaded shared library c:\Users\203104\.vscode\extensions\redhat.java-1.13.0-win32-x64\jre\17.0.5-win32-x86_64\bin\zip.dll
Event: 0.398 Loaded shared library C:\Users\203104\.vscode\extensions\redhat.java-1.13.0-win32-x64\jre\17.0.5-win32-x86_64\bin\instrument.dll
Event: 0.408 Loaded shared library C:\Users\203104\.vscode\extensions\redhat.java-1.13.0-win32-x64\jre\17.0.5-win32-x86_64\bin\net.dll
Event: 0.410 Loaded shared library C:\Users\203104\.vscode\extensions\redhat.java-1.13.0-win32-x64\jre\17.0.5-win32-x86_64\bin\nio.dll
Event: 0.417 Loaded shared library C:\Users\203104\.vscode\extensions\redhat.java-1.13.0-win32-x64\jre\17.0.5-win32-x86_64\bin\zip.dll
Event: 0.428 Loaded shared library C:\Users\203104\.vscode\extensions\redhat.java-1.13.0-win32-x64\jre\17.0.5-win32-x86_64\bin\jimage.dll
Event: 0.477 Loaded shared library c:\Users\203104\.vscode\extensions\redhat.java-1.13.0-win32-x64\jre\17.0.5-win32-x86_64\bin\verify.dll
Event: 4.311 Loaded shared library C:\Users\203104\AppData\Roaming\Code\User\globalStorage\redhat.java\1.13.0\config_win\org.eclipse.equinox.launcher\org.eclipse.equinox.launcher.win32.win32.x86_64_1.2.600.v20220720-1916\eclipse_11700.dll
Event: 5.488 Loaded shared library C:\Users\203104\.vscode\extensions\redhat.java-1.13.0-win32-x64\jre\17.0.5-win32-x86_64\bin\management.dll
Event: 5.513 Loaded shared library C:\Users\203104\.vscode\extensions\redhat.java-1.13.0-win32-x64\jre\17.0.5-win32-x86_64\bin\management_ext.dll
Event: 8.847 Loaded shared library C:\Users\203104\AppData\Local\Temp\jna-1477354528\jna6966353665336989257.dll
Event: 345.644 Loaded shared library C:\Users\203104\.vscode\extensions\redhat.java-1.13.0-win32-x64\jre\17.0.5-win32-x86_64\bin\sunmscapi.dll

Deoptimization events (20 events):
Event: 7233.826 Thread 0x00000248b4004960 Uncommon trap: trap_request=0xffffffde fr.pc=0x00000248a9fb8b98 relative=0x0000000000002858
Event: 7233.826 Thread 0x00000248b4004960 Uncommon trap: reason=class_check action=maybe_recompile pc=0x00000248a9fb8b98 method=org.eclipse.core.internal.runtime.PlatformLogWriter.convertToStatus(Lorg/osgi/service/log/LogEntry;)Lorg/eclipse/core/runtime/IStatus; @ 49 c2
Event: 7233.826 Thread 0x00000248b4004960 DEOPT PACKING pc=0x00000248a9fb8b98 sp=0x000000cf280fe070
Event: 7233.826 Thread 0x00000248b4004960 DEOPT UNPACKING pc=0x00000248a0d820a3 sp=0x000000cf280fe030 mode 2
Event: 7233.826 Thread 0x00000248b4004960 Uncommon trap: trap_request=0xffffffde fr.pc=0x00000248a9fc0be8 relative=0x0000000000001a08
Event: 7233.826 Thread 0x00000248b4004960 Uncommon trap: reason=class_check action=maybe_recompile pc=0x00000248a9fc0be8 method=org.eclipse.jdt.ls.core.internal.handlers.DefaultLogFilter.test(Ljava/lang/Object;)Z @ 2 c2
Event: 7233.826 Thread 0x00000248b4004960 DEOPT PACKING pc=0x00000248a9fc0be8 sp=0x000000cf280fdf20
Event: 7233.826 Thread 0x00000248b4004960 DEOPT UNPACKING pc=0x00000248a0d820a3 sp=0x000000cf280fdea0 mode 2
Event: 7233.826 Thread 0x00000248b4004960 Uncommon trap: trap_request=0xffffffde fr.pc=0x00000248a9fb5900 relative=0x0000000000000c80
Event: 7233.826 Thread 0x00000248b4004960 Uncommon trap: reason=class_check action=maybe_recompile pc=0x00000248a9fb5900 method=org.eclipse.core.internal.runtime.PlatformLogWriter.convertToStatus(Lorg/osgi/service/log/LogEntry;)Lorg/eclipse/core/runtime/IStatus; @ 49 c2
Event: 7233.826 Thread 0x00000248b4004960 DEOPT PACKING pc=0x00000248a9fb5900 sp=0x000000cf280fe0b0
Event: 7233.826 Thread 0x00000248b4004960 DEOPT UNPACKING pc=0x00000248a0d820a3 sp=0x000000cf280fe028 mode 2
Event: 7233.962 Thread 0x00000248b4004960 Uncommon trap: trap_request=0xffffff45 fr.pc=0x00000248aa8e2bd4 relative=0x00000000000008d4
Event: 7233.962 Thread 0x00000248b4004960 Uncommon trap: reason=unstable_if action=reinterpret pc=0x00000248aa8e2bd4 method=org.eclipse.jdt.core.dom.ASTRecoveryPropagator.flagNodesWithInsertedTokensInside(Lorg/eclipse/jdt/core/dom/ASTNode;)Z @ 38 c2
Event: 7233.962 Thread 0x00000248b4004960 DEOPT PACKING pc=0x00000248aa8e2bd4 sp=0x000000cf280fea00
Event: 7233.962 Thread 0x00000248b4004960 DEOPT UNPACKING pc=0x00000248a0d820a3 sp=0x000000cf280fe8d8 mode 2
Event: 7234.257 Thread 0x00000248b4004960 Uncommon trap: trap_request=0x00000349 fr.pc=0x00000248a9b791e4 relative=0x0000000000003144
Event: 7234.257 Thread 0x00000248b4004960 Uncommon trap: reason=unloaded action=reinterpret pc=0x00000248a9b791e4 method=org.eclipse.jdt.internal.core.CompilationUnit.getContents()[C @ 134 c2
Event: 7234.257 Thread 0x00000248b4004960 DEOPT PACKING pc=0x00000248a9b791e4 sp=0x000000cf280fe630
Event: 7234.257 Thread 0x00000248b4004960 DEOPT UNPACKING pc=0x00000248a0d820a3 sp=0x000000cf280fe620 mode 2

Classes unloaded (20 events):
Event: 6036.444 Thread 0x00000248b1ea4020 Unloading class 0x0000000100998800 'jdk/internal/reflect/GeneratedSerializationConstructorAccessor53'
Event: 6036.444 Thread 0x00000248b1ea4020 Unloading class 0x000000010099b400 'jdk/internal/reflect/GeneratedSerializationConstructorAccessor52'
Event: 6036.444 Thread 0x00000248b1ea4020 Unloading class 0x000000010099b000 'jdk/internal/reflect/GeneratedSerializationConstructorAccessor51'
Event: 6036.444 Thread 0x00000248b1ea4020 Unloading class 0x0000000100534400 'jdk/internal/reflect/GeneratedSerializationConstructorAccessor50'
Event: 6036.444 Thread 0x00000248b1ea4020 Unloading class 0x0000000100534000 'jdk/internal/reflect/GeneratedSerializationConstructorAccessor49'
Event: 6036.444 Thread 0x00000248b1ea4020 Unloading class 0x000000010067f400 'jdk/internal/reflect/GeneratedMethodAccessor88'
Event: 6036.444 Thread 0x00000248b1ea4020 Unloading class 0x000000010067f000 'jdk/internal/reflect/GeneratedMethodAccessor87'
Event: 6036.444 Thread 0x00000248b1ea4020 Unloading class 0x0000000100680400 'jdk/internal/reflect/GeneratedSerializationConstructorAccessor48'
Event: 6036.444 Thread 0x00000248b1ea4020 Unloading class 0x0000000100680000 'jdk/internal/reflect/GeneratedSerializationConstructorAccessor47'
Event: 6036.444 Thread 0x00000248b1ea4020 Unloading class 0x0000000100690c00 'jdk/internal/reflect/GeneratedSerializationConstructorAccessor46'
Event: 6036.444 Thread 0x00000248b1ea4020 Unloading class 0x0000000100690800 'jdk/internal/reflect/GeneratedSerializationConstructorAccessor45'
Event: 6036.444 Thread 0x00000248b1ea4020 Unloading class 0x0000000100695400 'jdk/internal/reflect/GeneratedSerializationConstructorAccessor44'
Event: 6036.444 Thread 0x00000248b1ea4020 Unloading class 0x0000000100695000 'jdk/internal/reflect/GeneratedSerializationConstructorAccessor43'
Event: 6036.444 Thread 0x00000248b1ea4020 Unloading class 0x00000001009a0400 'jdk/internal/reflect/GeneratedSerializationConstructorAccessor42'
Event: 6036.444 Thread 0x00000248b1ea4020 Unloading class 0x00000001009a0000 'jdk/internal/reflect/GeneratedSerializationConstructorAccessor41'
Event: 6036.444 Thread 0x00000248b1ea4020 Unloading class 0x00000001009a1c00 'jdk/internal/reflect/GeneratedSerializationConstructorAccessor40'
Event: 6036.444 Thread 0x00000248b1ea4020 Unloading class 0x00000001009a1800 'jdk/internal/reflect/GeneratedSerializationConstructorAccessor39'
Event: 6036.444 Thread 0x00000248b1ea4020 Unloading class 0x00000001009a2400 'jdk/internal/reflect/GeneratedSerializationConstructorAccessor38'
Event: 6036.444 Thread 0x00000248b1ea4020 Unloading class 0x00000001009a2000 'jdk/internal/reflect/GeneratedSerializationConstructorAccessor37'
Event: 6036.444 Thread 0x00000248b1ea4020 Unloading class 0x0000000100554400 'jdk/internal/reflect/GeneratedSerializationConstructorAccessor36'

Classes redefined (0 events):
No events

Internal exceptions (20 events):
Event: 7047.192 Thread 0x00000248b84d3a90 Exception <a 'sun/nio/fs/WindowsException'{0x00000000eb6247d8}> (0x00000000eb6247d8) 
thrown [s\src\hotspot\share\prims\jni.cpp, line 516]
Event: 7047.367 Thread 0x00000248b84d3a90 Exception <a 'sun/nio/fs/WindowsException'{0x00000000eb626920}> (0x00000000eb626920) 
thrown [s\src\hotspot\share\prims\jni.cpp, line 516]
Event: 7047.413 Thread 0x00000248b84d3a90 Exception <a 'sun/nio/fs/WindowsException'{0x00000000eb6280b8}> (0x00000000eb6280b8) 
thrown [s\src\hotspot\share\prims\jni.cpp, line 516]
Event: 7048.054 Thread 0x00000248b84d3a90 Exception <a 'sun/nio/fs/WindowsException'{0x00000000eb6299d0}> (0x00000000eb6299d0) 
thrown [s\src\hotspot\share\prims\jni.cpp, line 516]
Event: 7048.385 Thread 0x00000248b84d3a90 Exception <a 'sun/nio/fs/WindowsException'{0x00000000eb62b0b0}> (0x00000000eb62b0b0) 
thrown [s\src\hotspot\share\prims\jni.cpp, line 516]
Event: 7049.022 Thread 0x00000248b84d3a90 Exception <a 'sun/nio/fs/WindowsException'{0x00000000eb62c4f8}> (0x00000000eb62c4f8) 
thrown [s\src\hotspot\share\prims\jni.cpp, line 516]
Event: 7049.603 Thread 0x00000248b84d3a90 Exception <a 'sun/nio/fs/WindowsException'{0x00000000eb62dbe8}> (0x00000000eb62dbe8) 
thrown [s\src\hotspot\share\prims\jni.cpp, line 516]
Event: 7050.307 Thread 0x00000248b84d3a90 Exception <a 'sun/nio/fs/WindowsException'{0x00000000eb62f290}> (0x00000000eb62f290) 
thrown [s\src\hotspot\share\prims\jni.cpp, line 516]
Event: 7050.550 Thread 0x00000248b84d3a90 Exception <a 'sun/nio/fs/WindowsException'{0x00000000eb6309d0}> (0x00000000eb6309d0) 
thrown [s\src\hotspot\share\prims\jni.cpp, line 516]
Event: 7050.928 Thread 0x00000248b84d3a90 Exception <a 'sun/nio/fs/WindowsException'{0x00000000eb631e88}> (0x00000000eb631e88) 
thrown [s\src\hotspot\share\prims\jni.cpp, line 516]
Event: 7052.878 Thread 0x00000248b84d3a90 Exception <a 'sun/nio/fs/WindowsException'{0x00000000eb6335e0}> (0x00000000eb6335e0) 
thrown [s\src\hotspot\share\prims\jni.cpp, line 516]
Event: 7053.672 Thread 0x00000248b84d3a90 Exception <a 'sun/nio/fs/WindowsException'{0x00000000eb634ce8}> (0x00000000eb634ce8) 
thrown [s\src\hotspot\share\prims\jni.cpp, line 516]
Event: 7079.849 Thread 0x00000248b4e5a0a0 Exception <a 'sun/nio/fs/WindowsException'{0x00000000eb6db9f0}> (0x00000000eb6db9f0) 
thrown [s\src\hotspot\share\prims\jni.cpp, line 516]
Event: 7086.143 Thread 0x00000248b4e5a0a0 Exception <a 'sun/nio/fs/WindowsException'{0x00000000eb3f1be0}> (0x00000000eb3f1be0) 
thrown [s\src\hotspot\share\prims\jni.cpp, line 516]
Event: 7222.860 Thread 0x00000248b4e58d60 Exception <a 'sun/nio/fs/WindowsException'{0x00000000ebafc6a0}> (0x00000000ebafc6a0) 
thrown [s\src\hotspot\share\prims\jni.cpp, line 516]
Event: 7230.208 Thread 0x00000248b4004960 Exception <a 'java/io/IOException'{0x00000000eb138e68}> (0x00000000eb138e68) 
thrown [s\src\hotspot\share\prims\jni.cpp, line 516]
Event: 7231.078 Thread 0x00000248b4004960 Implicit null exception at 0x00000248a97d84d8 to 0x00000248a97dc1b8
Event: 7231.266 Thread 0x00000248b4004960 Implicit null exception at 0x00000248aa698ca4 to 0x00000248aa69b468
Event: 7233.815 Thread 0x00000248b4004960 Exception <a 'java/io/IOException'{0x00000000eb6242e0}> (0x00000000eb6242e0) 
thrown [s\src\hotspot\share\prims\jni.cpp, line 516]
Event: 7234.240 Thread 0x00000248b4004960 Exception <a 'java/io/IOException'{0x00000000ebec1888}> (0x00000000ebec1888) 
thrown [s\src\hotspot\share\prims\jni.cpp, line 516]

VM Operations (20 events):
Event: 7211.538 Executing VM operation: ParallelGCFailedAllocation
Event: 7211.555 Executing VM operation: ParallelGCFailedAllocation done
Event: 7211.667 Executing VM operation: ParallelGCFailedAllocation
Event: 7211.686 Executing VM operation: ParallelGCFailedAllocation done
Event: 7228.033 Executing VM operation: ParallelGCFailedAllocation
Event: 7228.067 Executing VM operation: ParallelGCFailedAllocation done
Event: 7230.066 Executing VM operation: Cleanup
Event: 7230.067 Executing VM operation: Cleanup done
Event: 7231.072 Executing VM operation: Cleanup
Event: 7231.073 Executing VM operation: Cleanup done
Event: 7231.367 Executing VM operation: HandshakeAllThreads
Event: 7231.368 Executing VM operation: HandshakeAllThreads done
Event: 7232.089 Executing VM operation: ParallelGCFailedAllocation
Event: 7232.208 Executing VM operation: ParallelGCFailedAllocation done
Event: 7233.583 Executing VM operation: ParallelGCFailedAllocation
Event: 7233.608 Executing VM operation: ParallelGCFailedAllocation done
Event: 7233.780 Executing VM operation: ParallelGCFailedAllocation
Event: 7233.801 Executing VM operation: ParallelGCFailedAllocation done
Event: 7233.977 Executing VM operation: ParallelGCFailedAllocation
Event: 7233.992 Executing VM operation: ParallelGCFailedAllocation done

Events (20 events):
Event: 7233.707 Thread 0x00000248b1f237e0 flushing nmethod 0x00000248a9788710
Event: 7233.709 Thread 0x00000248b1f237e0 flushing nmethod 0x00000248a986e610
Event: 7233.731 Thread 0x00000248b1f237e0 flushing nmethod 0x00000248a99a9510
Event: 7233.840 Thread 0x00000248b1f237e0 flushing nmethod 0x00000248a9dbb290
Event: 7233.840 Thread 0x00000248b1f237e0 flushing nmethod 0x00000248a9e2f910
Event: 7233.852 Thread 0x00000248b1f237e0 flushing nmethod 0x00000248a9f35310
Event: 7233.852 Thread 0x00000248b1f237e0 flushing nmethod 0x00000248a9f8ac10
Event: 7233.872 Thread 0x00000248b1f237e0 flushing nmethod 0x00000248aa089a10
Event: 7233.918 Thread 0x00000248b1f237e0 flushing nmethod 0x00000248aa2d9210
Event: 7234.007 Thread 0x00000248b1f237e0 flushing nmethod 0x00000248aa820210
Event: 7234.048 Thread 0x00000248b1f237e0 flushing nmethod 0x00000248aa9fec90
Event: 7234.074 Thread 0x00000248b1f237e0 flushing nmethod 0x00000248aaa75490
Event: 7234.075 Thread 0x00000248b1f237e0 flushing nmethod 0x00000248aaaaae10
Event: 7234.086 Thread 0x00000248b1f237e0 flushing nmethod 0x00000248aaacc010
Event: 7234.086 Thread 0x00000248b1f237e0 flushing nmethod 0x00000248aaaf1f90
Event: 7234.120 Thread 0x00000248b1f237e0 flushing nmethod 0x00000248a1332410
Event: 7234.137 Thread 0x00000248b1f237e0 flushing nmethod 0x00000248a1357790
Event: 7234.137 Thread 0x00000248b1f237e0 flushing nmethod 0x00000248a135a790
Event: 7234.223 Thread 0x00000248b1f237e0 flushing nmethod 0x00000248a1492190
Event: 7234.223 Thread 0x00000248b1f237e0 flushing nmethod 0x00000248a14abb10


Dynamic libraries:
0x00007ff755110000 - 0x00007ff75511e000 	c:\Users\203104\.vscode\extensions\redhat.java-1.13.0-win32-x64\jre\17.0.5-win32-x86_64\bin\java.exe
0x00007ffbd96b0000 - 0x00007ffbd98a8000 	C:\Windows\SYSTEM32\ntdll.dll
0x00007ffbd7700000 - 0x00007ffbd77bf000 	C:\Windows\System32\KERNEL32.DLL
0x00007ffbd6da0000 - 0x00007ffbd7072000 	C:\Windows\System32\KERNELBASE.dll
0x00007ffbd75a0000 - 0x00007ffbd76a0000 	C:\Windows\System32\ucrtbase.dll
0x00007ffbd1080000 - 0x00007ffbd1099000 	c:\Users\203104\.vscode\extensions\redhat.java-1.13.0-win32-x64\jre\17.0.5-win32-x86_64\bin\VCRUNTIME140.dll
0x00007ffbd27c0000 - 0x00007ffbd27d7000 	c:\Users\203104\.vscode\extensions\redhat.java-1.13.0-win32-x64\jre\17.0.5-win32-x86_64\bin\jli.dll
0x00007ffbd8770000 - 0x00007ffbd8911000 	C:\Windows\System32\USER32.dll
0x00007ffbd7490000 - 0x00007ffbd74b2000 	C:\Windows\System32\win32u.dll
0x00007ffbb9570000 - 0x00007ffbb980a000 	C:\Windows\WinSxS\amd64_microsoft.windows.common-controls_6595b64144ccf1df_6.0.19041.1110_none_60b5254171f9507e\COMCTL32.dll
0x00007ffbd7cc0000 - 0x00007ffbd7ceb000 	C:\Windows\System32\GDI32.dll
0x00007ffbd8e80000 - 0x00007ffbd8f1e000 	C:\Windows\System32\msvcrt.dll
0x00007ffbd7280000 - 0x00007ffbd738f000 	C:\Windows\System32\gdi32full.dll
0x00007ffbd7080000 - 0x00007ffbd711d000 	C:\Windows\System32\msvcp_win.dll
0x00007ffbd8cf0000 - 0x00007ffbd8d22000 	C:\Windows\System32\IMM32.DLL
0x00007ffbd27f0000 - 0x00007ffbd27fc000 	c:\Users\203104\.vscode\extensions\redhat.java-1.13.0-win32-x64\jre\17.0.5-win32-x86_64\bin\vcruntime140_1.dll
0x00007ffb7d100000 - 0x00007ffb7d191000 	c:\Users\203104\.vscode\extensions\redhat.java-1.13.0-win32-x64\jre\17.0.5-win32-x86_64\bin\msvcp140.dll
0x00007ffb66540000 - 0x00007ffb67184000 	c:\Users\203104\.vscode\extensions\redhat.java-1.13.0-win32-x64\jre\17.0.5-win32-x86_64\bin\server\jvm.dll
0x00007ffbd7cf0000 - 0x00007ffbd7d9e000 	C:\Windows\System32\ADVAPI32.dll
0x00007ffbd8a40000 - 0x00007ffbd8adc000 	C:\Windows\System32\sechost.dll
0x00007ffbd8d50000 - 0x00007ffbd8e75000 	C:\Windows\System32\RPCRT4.dll
0x00007ffbb6b40000 - 0x00007ffbb6b67000 	C:\Windows\SYSTEM32\WINMM.dll
0x00007ffbd1020000 - 0x00007ffbd102a000 	C:\Windows\SYSTEM32\VERSION.dll
0x00007ffbd27e0000 - 0x00007ffbd27e9000 	C:\Windows\SYSTEM32\WSOCK32.dll
0x00007ffbd95a0000 - 0x00007ffbd960b000 	C:\Windows\System32\WS2_32.dll
0x00007ffbd4c40000 - 0x00007ffbd4c52000 	C:\Windows\SYSTEM32\kernel.appcore.dll
0x00007ffbd27b0000 - 0x00007ffbd27ba000 	c:\Users\203104\.vscode\extensions\redhat.java-1.13.0-win32-x64\jre\17.0.5-win32-x86_64\bin\jimage.dll
0x00007ffbc8dc0000 - 0x00007ffbc8fa4000 	C:\Windows\SYSTEM32\DBGHELP.DLL
0x00007ffbc8d80000 - 0x00007ffbc8db5000 	C:\Windows\SYSTEM32\dbgcore.DLL
0x00007ffbd7390000 - 0x00007ffbd7412000 	C:\Windows\System32\bcryptPrimitives.dll
0x00007ffbd2770000 - 0x00007ffbd277e000 	c:\Users\203104\.vscode\extensions\redhat.java-1.13.0-win32-x64\jre\17.0.5-win32-x86_64\bin\instrument.dll
0x00007ffbc0540000 - 0x00007ffbc0565000 	c:\Users\203104\.vscode\extensions\redhat.java-1.13.0-win32-x64\jre\17.0.5-win32-x86_64\bin\java.dll
0x00007ffbcb530000 - 0x00007ffbcb548000 	c:\Users\203104\.vscode\extensions\redhat.java-1.13.0-win32-x64\jre\17.0.5-win32-x86_64\bin\zip.dll
0x00007ffbd8020000 - 0x00007ffbd8764000 	C:\Windows\System32\SHELL32.dll
0x00007ffbd4e40000 - 0x00007ffbd55d2000 	C:\Windows\SYSTEM32\windows.storage.dll
0x00007ffbd8fd0000 - 0x00007ffbd9325000 	C:\Windows\System32\combase.dll
0x00007ffbd66b0000 - 0x00007ffbd66e0000 	C:\Windows\SYSTEM32\Wldp.dll
0x00007ffbd8bb0000 - 0x00007ffbd8c5d000 	C:\Windows\System32\SHCORE.dll
0x00007ffbd9330000 - 0x00007ffbd9385000 	C:\Windows\System32\shlwapi.dll
0x00007ffbd6ce0000 - 0x00007ffbd6cff000 	C:\Windows\SYSTEM32\profapi.dll
0x00007ffbc0520000 - 0x00007ffbc0539000 	C:\Users\203104\.vscode\extensions\redhat.java-1.13.0-win32-x64\jre\17.0.5-win32-x86_64\bin\net.dll
0x00007ffbcab50000 - 0x00007ffbcac5c000 	C:\Windows\SYSTEM32\WINHTTP.dll
0x00007ffbd6490000 - 0x00007ffbd64fa000 	C:\Windows\system32\mswsock.dll
0x00007ffbbb5d0000 - 0x00007ffbbb5e5000 	C:\Users\203104\.vscode\extensions\redhat.java-1.13.0-win32-x64\jre\17.0.5-win32-x86_64\bin\nio.dll
0x00007ffbcb300000 - 0x00007ffbcb310000 	c:\Users\203104\.vscode\extensions\redhat.java-1.13.0-win32-x64\jre\17.0.5-win32-x86_64\bin\verify.dll
0x00007ffbb4dd0000 - 0x00007ffbb4e0e000 	C:\Users\203104\AppData\Roaming\Code\User\globalStorage\redhat.java\1.13.0\config_win\org.eclipse.equinox.launcher\org.eclipse.equinox.launcher.win32.win32.x86_64_1.2.600.v20220720-1916\eclipse_11700.dll
0x00007ffbd7e10000 - 0x00007ffbd7f3a000 	C:\Windows\System32\ole32.dll
0x00007ffbc79d0000 - 0x00007ffbc79d9000 	C:\Users\203104\.vscode\extensions\redhat.java-1.13.0-win32-x64\jre\17.0.5-win32-x86_64\bin\management.dll
0x00007ffbc3a80000 - 0x00007ffbc3a8b000 	C:\Users\203104\.vscode\extensions\redhat.java-1.13.0-win32-x64\jre\17.0.5-win32-x86_64\bin\management_ext.dll
0x00007ffbd76f0000 - 0x00007ffbd76f8000 	C:\Windows\System32\PSAPI.DLL
0x00007ffbd66f0000 - 0x00007ffbd6708000 	C:\Windows\SYSTEM32\CRYPTSP.dll
0x00007ffbd5dd0000 - 0x00007ffbd5e04000 	C:\Windows\system32\rsaenh.dll
0x00007ffbd7570000 - 0x00007ffbd7597000 	C:\Windows\System32\bcrypt.dll
0x00007ffbd6c60000 - 0x00007ffbd6c8e000 	C:\Windows\SYSTEM32\USERENV.dll
0x00007ffbd6620000 - 0x00007ffbd662c000 	C:\Windows\SYSTEM32\CRYPTBASE.dll
0x00007ffbd61a0000 - 0x00007ffbd61db000 	C:\Windows\SYSTEM32\IPHLPAPI.DLL
0x00007ffbd8c60000 - 0x00007ffbd8c68000 	C:\Windows\System32\NSI.dll
0x00007ffbd10d0000 - 0x00007ffbd10e7000 	C:\Windows\SYSTEM32\dhcpcsvc6.DLL
0x00007ffbd10b0000 - 0x00007ffbd10cd000 	C:\Windows\SYSTEM32\dhcpcsvc.DLL
0x00007ffbd61e0000 - 0x00007ffbd62aa000 	C:\Windows\SYSTEM32\DNSAPI.dll
0x00007ffba48f0000 - 0x00007ffba4930000 	C:\Users\203104\AppData\Local\Temp\jna-1477354528\jna6966353665336989257.dll
0x00007ffbd5f10000 - 0x00007ffbd5f43000 	C:\Windows\SYSTEM32\ntmarta.dll
0x00007ffbc7cf0000 - 0x00007ffbc7cfe000 	C:\Users\203104\.vscode\extensions\redhat.java-1.13.0-win32-x64\jre\17.0.5-win32-x86_64\bin\sunmscapi.dll
0x00007ffbd7120000 - 0x00007ffbd7276000 	C:\Windows\System32\CRYPT32.dll
0x00007ffbd6800000 - 0x00007ffbd6827000 	C:\Windows\SYSTEM32\ncrypt.dll
0x00007ffbd67c0000 - 0x00007ffbd67fb000 	C:\Windows\SYSTEM32\NTASN1.dll

dbghelp: loaded successfully - version: 4.0.5 - missing functions: none
symbol engine: initialized successfully - sym options: 0x614 - pdb path: .;c:\Users\203104\.vscode\extensions\redhat.java-1.13.0-win32-x64\jre\17.0.5-win32-x86_64\bin;C:\Windows\SYSTEM32;C:\Windows\WinSxS\amd64_microsoft.windows.common-controls_6595b64144ccf1df_6.0.19041.1110_none_60b5254171f9507e;c:\Users\203104\.vscode\extensions\redhat.java-1.13.0-win32-x64\jre\17.0.5-win32-x86_64\bin\server;C:\Users\203104\AppData\Roaming\Code\User\globalStorage\redhat.java\1.13.0\config_win\org.eclipse.equinox.launcher\org.eclipse.equinox.launcher.win32.win32.x86_64_1.2.600.v20220720-1916;C:\Users\203104\AppData\Local\Temp\jna-1477354528

VM Arguments:
jvm_args: --add-modules=ALL-SYSTEM --add-opens=java.base/java.util=ALL-UNNAMED --add-opens=java.base/java.lang=ALL-UNNAMED --add-opens=java.base/sun.nio.fs=ALL-UNNAMED -Declipse.application=org.eclipse.jdt.ls.core.id1 -Dosgi.bundles.defaultStartLevel=4 -Declipse.product=org.eclipse.jdt.ls.core.product -Djava.import.generatesMetadataFilesAtProjectRoot=false -Dfile.encoding=utf8 -XX:+UseParallelGC -XX:GCTimeRatio=4 -XX:AdaptiveSizePolicyWeight=90 -Dsun.zip.disableMemoryMapping=true -Xmx1G -Xms100m -Xlog:disable -javaagent:c:\Users\203104\.vscode\extensions\redhat.java-1.13.0-win32-x64\lombok\lombok-1.18.24.jar -XX:+HeapDumpOnOutOfMemoryError -XX:HeapDumpPath=c:\Users\203104\AppData\Roaming\Code\User\workspaceStorage\60f3487738b1da3c3445d2a3b7a06706\redhat.java 
java_command: c:\Users\203104\.vscode\extensions\redhat.java-1.13.0-win32-x64\server\plugins\org.eclipse.equinox.launcher_1.6.400.v20210924-0641.jar -configuration c:\Users\203104\AppData\Roaming\Code\User\globalStorage\redhat.java\1.13.0\config_win -data c:\Users\203104\AppData\Roaming\Code\User\workspaceStorage\60f3487738b1da3c3445d2a3b7a06706\redhat.java\jdt_ws
java_class_path (initial): c:\Users\203104\.vscode\extensions\redhat.java-1.13.0-win32-x64\server\plugins\org.eclipse.equinox.launcher_1.6.400.v20210924-0641.jar
Launcher Type: SUN_STANDARD

[Global flags]
    uintx AdaptiveSizePolicyWeight                 = 90                                        {product} {command line}
     intx CICompilerCount                          = 3                                         {product} {ergonomic}
    uintx GCTimeRatio                              = 4                                         {product} {command line}
     bool HeapDumpOnOutOfMemoryError               = true                                   {manageable} {command line}
    ccstr HeapDumpPath                             = c:\Users\203104\AppData\Roaming\Code\User\workspaceStorage\60f3487738b1da3c3445d2a3b7a06706\redhat.java         {manageable} {command line}
   size_t InitialHeapSize                          = 104857600                                 {product} {command line}
   size_t MaxHeapSize                              = 1073741824                                {product} {command line}
   size_t MaxNewSize                               = 357564416                                 {product} {ergonomic}
   size_t MinHeapDeltaBytes                        = 524288                                    {product} {ergonomic}
   size_t MinHeapSize                              = 104857600                                 {product} {command line}
   size_t NewSize                                  = 34603008                                  {product} {ergonomic}
    uintx NonNMethodCodeHeapSize                   = 5832780                                {pd product} {ergonomic}
    uintx NonProfiledCodeHeapSize                  = 122912730                              {pd product} {ergonomic}
   size_t OldSize                                  = 70254592                                  {product} {ergonomic}
    uintx ProfiledCodeHeapSize                     = 122912730                              {pd product} {ergonomic}
    uintx ReservedCodeCacheSize                    = 251658240                              {pd product} {ergonomic}
     bool SegmentedCodeCache                       = true                                      {product} {ergonomic}
   size_t SoftMaxHeapSize                          = 1073741824                             {manageable} {ergonomic}
     bool UseCompressedClassPointers               = true                           {product lp64_product} {ergonomic}
     bool UseCompressedOops                        = true                           {product lp64_product} {ergonomic}
     bool UseLargePagesIndividualAllocation        = false                                  {pd product} {ergonomic}
     bool UseParallelGC                            = true                                      {product} {command line}

Logging:
Log output configuration:
 #0: stdout all=off uptime,level,tags
 #1: stderr all=off uptime,level,tags

Environment Variables:
PATH=C:\Program Files\Common Files\Oracle\Java\javapath;C:\Windows\system32;C:\Windows;C:\Windows\System32\Wbem;C:\Windows\System32\WindowsPowerShell\v1.0\;C:\Windows\System32\OpenSSH\;C:\Program Files (x86)\Intel\Intel(R) Management Engine Components\DAL;C:\Program Files\Intel\Intel(R) Management Engine Components\DAL;C:\Program Files\Microsoft SQL Server\130\Tools\Binn\;C:\Program Files\Microsoft VS Code\bin;C:\Program Files (x86)\Microsoft Visual Studio\Shared\Python36_64;C:\Program Files\Java\jdk-15.0.2\bin;C:\Program Files\Java\jdk-17.0.2\bin;C:\Users\203104\AppData\Local\Microsoft\WindowsApps;
USERNAME=203104
OS=Windows_NT
PROCESSOR_IDENTIFIER=Intel64 Family 6 Model 158 Stepping 9, GenuineIntel
TMP=C:\Users\203104\AppData\Local\Temp
TEMP=C:\Users\203104\AppData\Local\Temp



---------------  S Y S T E M  ---------------

OS:
 Windows 10 , 64 bit Build 19041 (10.0.19041.2364)
OS uptime: 0 days 2:21 hours
Hyper-V role detected

CPU: total 4 (initial active 4) (4 cores per cpu, 1 threads per core) family 6 model 158 stepping 9 microcode 0xb4, cx8, cmov, fxsr, mmx, 3dnowpref, sse, sse2, sse3, ssse3, sse4.1, sse4.2, popcnt, lzcnt, tsc, tscinvbit, avx, avx2, aes, erms, clmul, bmi1, bmi2, rtm, adx, fma, vzeroupper, clflush, clflushopt, hv

Memory: 4k page, system-wide physical 8050M (414M free)
TotalPageFile size 32626M (AvailPageFile size 0M)
current process WorkingSet (physical memory assigned to process): 500M, peak: 1039M
current process commit charge ("private bytes"): 733M, peak: 933M

vm_info: OpenJDK 64-Bit Server VM (17.0.5+8) for windows-amd64 JRE (17.0.5+8), built on Oct 19 2022 04:48:13 by "temurin" with MS VC++ 16.7 (VS2019)

END.
